--- Job cvx-ll.gms Start 02/12/26 16:30:43 50.4.1 84b10359 WEX-WEI x86 64bit/MS Windows
--- Applying:
    C:\GAMS\50\gmsprmNT.txt
--- GAMS Parameters defined
    Input C:\Users\freal\Desktop\HubSpokeNetworkDesign\4node_spain\cvx-ll.gms
    PageSize 0
    ScrDir C:\Users\freal\Desktop\HubSpokeNetworkDesign\4node_spain\225az\
    SysDir C:\GAMS\50\
    LogOption 3
    AppendLog 1
    ErrMsg 1
    ErrorLog 99
    IDE 1
    LstTitleLeftAligned 1
*** Time-limited license expired 4 days ago
Licensee: Luis Cadarso Morga                             G250911+0003Ac-GEN
          University Rey Juan Carlos                                DCE4613
          225az\gamslice.dat
          node:23539203 mem:64 cores:8 ipport:65355 v:2                    
          Course license for use within the course and related course work
System information: 8 physical cores and 64 Gb physical memory detected
GAMS 50.4.1   Copyright (C) 1987-2025 GAMS Development. All rights reserved
--- Starting compilation
--- cvx-ll.gms(2) 2 Mb
--- . param_definition_cvx-blo.gms(18) 3 Mb
--- .. demand.txt(16) 3 Mb
--- . param_definition_cvx-blo.gms(24) 3 Mb
--- .. alt_utility.txt(16) 3 Mb
--- . param_definition_cvx-blo.gms(31) 3 Mb
--- .. link_cost.txt(16) 3 Mb
--- . param_definition_cvx-blo.gms(36) 3 Mb
--- .. link_capacity_slope.txt(16) 3 Mb
--- . param_definition_cvx-blo.gms(41) 3 Mb
--- .. alfa_od.txt(16) 3 Mb
--- . param_definition_cvx-blo.gms(46) 3 Mb
--- .. beta_od.txt(16) 3 Mb
--- . param_definition_cvx-blo.gms(51) 3 Mb
--- .. prices.txt(16) 3 Mb
--- . param_definition_cvx-blo.gms(56) 3 Mb
--- .. op_link_cost.txt(16) 3 Mb
--- . param_definition_cvx-blo.gms(62) 3 Mb
--- .. candidates.txt(16) 3 Mb
--- . param_definition_cvx-blo.gms(67) 3 Mb
--- .. travel_time.txt(16) 3 Mb
--- . param_definition_cvx-blo.gms(73) 3 Mb
--- .. station_cost.txt(4) 3 Mb
--- . param_definition_cvx-blo.gms(78) 3 Mb
--- .. hub_cost.txt(4) 3 Mb
--- . param_definition_cvx-blo.gms(83) 3 Mb
--- .. station_capacity_slope.txt(4) 3 Mb
--- . param_definition_cvx-blo.gms(88) 3 Mb
--- .. budget.txt(1) 3 Mb
--- . param_definition_cvx-blo.gms(94) 3 Mb
--- .. s_prev.txt(4) 3 Mb
--- . param_definition_cvx-blo.gms(99) 3 Mb
--- .. sh_prev.txt(4) 3 Mb
--- . param_definition_cvx-blo.gms(115) 3 Mb
--- .. lam.txt(1) 3 Mb
--- . param_definition_cvx-blo.gms(119) 3 Mb
--- .. alfa.txt(1) 3 Mb
--- . param_definition_cvx-blo.gms(124) 3 Mb
--- .. current_iter.txt(1) 3 Mb
--- . param_definition_cvx-blo.gms(128) 3 Mb
--- .. niters.txt(1) 3 Mb
--- . param_definition_cvx-blo.gms(132) 3 Mb
--- .. gamma.txt(1) 3 Mb
--- . param_definition_cvx-blo.gms(144) 3 Mb
--- cvx-ll.gms(422) 3 Mb
--- Starting execution: elapsed 0:00:00.135
--- cvx-ll.gms(661) 4 Mb
--- Generating NLP model netplan
--- cvx-ll.gms(663) 6 Mb
---   462 rows  445 columns  1,941 non-zeroes
---   256 nl-code  64 nl-non-zeroes
--- Range statistics (absolute non-zero finite values)
--- RHS       [min, max] : [ 1.000E-04, 1.000E+05] - Zero values observed as well
--- Bound     [min, max] : [ 1.000E-04, 1.000E+00] - Zero values observed as well
--- Matrix    [min, max] : [ 1.000E-04, 2.069E+07]
--- cvx-ll.gms(663) 4 Mb
--- Executing MOSEK (Solvelink=2): elapsed 0:00:00.146

MOSEK            50.4.1 84b10359 Aug 28, 2025          WEI x86 64bit/MS Window

	M O S E K       version 11.0.28 (Build date: 2025-8-25 13:05:23)
	Copyright (C)   MOSEK ApS, Fruebjergvej 3, Box 16
	                DK-2100 Copenhagen, Denmark
	                https://www.mosek.com


Extraction of quadratics (ThreePass algorithm): 0.00s
Problem
  Name                   :                 
  Objective sense        : minimize        
  Type                   : CONIC (conic optimization problem)
  Constraints            : 461             
  Affine conic cons.     : 0               
  Disjunctive cons.      : 0               
  Cones                  : 32              
  Scalar variables       : 444             
  Matrix variables       : 0               
  Integer variables      : 0               

Optimizer started.
Presolve started.
Linear dependency checker started.
Linear dependency checker terminated.
Eliminator started.
Freed constraints in eliminator : 33
Eliminator terminated.
Eliminator - tries                  : 1                 time                   : 0.00            
Lin. dep.  - tries                  : 1                 time                   : 0.00            
Lin. dep.  - primal attempts        : 1                 successes              : 1               
Lin. dep.  - dual attempts          : 0                 successes              : 0               
Lin. dep.  - primal deps.           : 12                dual deps.             : 0               
Presolve terminated. Time: 0.00    
Optimizer  - threads                : 16              
Optimizer  - solved problem         : the primal      
Optimizer  - Constraints            : 127             
Optimizer  - Cones                  : 24              
Optimizer  - Scalar variables       : 297               conic                  : 72              
Optimizer  - Semi-definite variables: 0                 scalarized             : 0               
Factor     - setup time             : 0.00            
Factor     - dense det. time        : 0.00              GP order time          : 0.00            
Factor     - nonzeros before factor : 1263              after factor           : 1600            
Factor     - dense dim.             : 0                 flops                  : 3.41e+04        
ITE PFEAS    DFEAS    GFEAS    PRSTATUS   POBJ              DOBJ              MU       TIME  
0   2.5e+04  2.2e+05  1.7e+05  0.00e+00   5.780829685e+05   4.105655488e+05   1.0e+00  0.00  
1   9.7e+03  8.6e+04  1.0e+05  -1.00e+00  5.997893157e+05   4.322745474e+05   3.9e-01  0.00  
2   1.9e+03  1.7e+04  4.6e+04  -1.00e+00  5.909839432e+05   4.234891085e+05   7.5e-02  0.00  
3   4.0e+02  3.5e+03  2.1e+04  -1.00e+00  5.699526060e+05   4.025744198e+05   1.6e-02  0.00  
4   6.3e+01  5.6e+02  8.4e+03  -9.99e-01  4.755008667e+05   3.091441963e+05   2.5e-03  0.00  
5   2.4e+00  2.1e+01  1.5e+03  -9.90e-01  -1.011763965e+05  -2.388757313e+05  9.5e-05  0.00  
6   5.1e-01  4.5e+00  4.7e+02  -6.93e-01  -6.673630275e+05  -7.360729727e+05  2.1e-05  0.00  
7   2.3e-01  2.0e+00  1.1e+02  8.07e-01   5.200900727e+04   2.082668945e+04   9.2e-06  0.00  
8   4.4e-02  3.9e-01  9.3e+00  8.09e-01   2.901503529e+05   2.837628829e+05   1.7e-06  0.00  
9   1.4e-02  1.2e-01  1.6e+00  9.45e-01   3.245045984e+05   3.224487538e+05   5.6e-07  0.00  
10  3.0e-03  2.6e-02  1.5e-01  1.11e+00   3.415436872e+05   3.411281009e+05   1.2e-07  0.00  
11  6.8e-04  6.0e-03  1.6e-02  1.07e+00   3.452155665e+05   3.451239854e+05   2.7e-08  0.00  
12  1.1e-04  9.8e-04  1.0e-03  1.05e+00   3.459974653e+05   3.459829781e+05   4.5e-09  0.00  
13  3.6e-05  3.2e-04  1.9e-04  1.09e+00   3.461198943e+05   3.461153108e+05   1.5e-09  0.00  
14  1.7e-05  1.5e-04  5.8e-05  1.04e+00   3.461495369e+05   3.461474948e+05   6.6e-10  0.00  
15  6.9e-06  6.1e-05  1.5e-05  1.05e+00   3.461636101e+05   3.461627861e+05   2.8e-10  0.00  
16  2.3e-06  2.0e-05  2.9e-06  1.01e+00   3.461698912e+05   3.461696207e+05   9.0e-11  0.01  
17  4.8e-07  4.3e-06  3.0e-07  9.76e-01   3.461723726e+05   3.461723140e+05   1.9e-11  0.01  
18  3.9e-07  3.4e-06  2.4e-07  6.55e-01   3.461724946e+05   3.461724420e+05   1.5e-11  0.01  
19  2.5e-07  2.2e-06  1.7e-07  3.62e-01   3.461727826e+05   3.461727363e+05   9.7e-12  0.01  
20  1.5e-07  1.3e-06  1.2e-07  -1.76e-01  3.461732797e+05   3.461732400e+05   5.8e-12  0.01  
21  1.0e-07  9.1e-07  7.9e-08  -1.42e-01  3.461737944e+05   3.461737634e+05   4.1e-12  0.01  
22  4.8e-08  4.2e-07  2.5e-08  3.10e-01   3.461744855e+05   3.461744693e+05   1.9e-12  0.01  
23  3.9e-08  3.4e-07  2.0e-08  4.37e-01   3.461746064e+05   3.461745925e+05   1.5e-12  0.01  
24  2.5e-08  2.2e-07  1.0e-08  5.98e-01   3.461748315e+05   3.461748224e+05   9.7e-13  0.01  
25  5.4e-09  4.8e-08  1.2e-09  7.96e-01   3.461752040e+05   3.461752019e+05   2.2e-13  0.01  
26  4.2e-09  3.7e-08  7.9e-10  1.05e+00   3.461752357e+05   3.461752341e+05   1.7e-13  0.01  
27  4.6e-10  4.1e-09  3.1e-11  9.92e-01   3.461753230e+05   3.461753228e+05   1.9e-14  0.01  
Optimizer terminated. Time: 0.01    


Interior-point solution summary
  Problem status  : PRIMAL_AND_DUAL_FEASIBLE
  Solution status : OPTIMAL
  Primal.  obj: 3.4617532295e+05    nrm: 3e+05    Viol.  con: 2e-03    var: 1e-09    cones: 1e-08  
  Dual.    obj: 3.4617532279e+05    nrm: 1e+06    Viol.  con: 7e-07    var: 3e-04    cones: 0e+00  

Return code - 0 [MSK_RES_OK]: No error occurred.
--- Reading solution for model netplan
--- Executing after solve: elapsed 0:00:00.197
--- cvx-ll.gms(676) 4 Mb
--- GDX File (execute_unload) C:\Users\freal\Desktop\HubSpokeNetworkDesign\4node_spain\resultado.gdx
--- cvx-ll.gms(685) 6 Mb
--- Initialize embedded library embconnectcclib64.dll
--- Execute embedded library embconnectcclib64.dll
--- cvx-ll.gms(698) 6 Mb
--- Initialize embedded library embconnectcclib64.dll
--- Execute embedded library embconnectcclib64.dll
  File "<string>", line 155, in <module>
  File "C:\GAMS\50\GMSPython\Lib\site-packages\gams\connect\connectdatabase.py", line 201, in execute
    self._execute(instructions)
  File "C:\GAMS\50\GMSPython\Lib\site-packages\gams\connect\connectdatabase.py", line 174, in _execute
    execute_return = agent.execute()
  File "C:\GAMS\50\GMSPython\Lib\site-packages\gams\connect\agents\excelwriter.py", line 436, in execute
    self._open()
  File "C:\GAMS\50\GMSPython\Lib\site-packages\gams\connect\agents\excelwriter.py", line 92, in _open
    self._wb = openpyxl.load_workbook(
  File "C:\GAMS\50\GMSPython\Lib\site-packages\openpyxl\reader\excel.py", line 346, in load_workbook
    reader = ExcelReader(filename, read_only, keep_vba,
  File "C:\GAMS\50\GMSPython\Lib\site-packages\openpyxl\reader\excel.py", line 123, in __init__
    self.archive = _validate_archive(fn)
  File "C:\GAMS\50\GMSPython\Lib\site-packages\openpyxl\reader\excel.py", line 95, in _validate_archive
    archive = ZipFile(filename, 'r')
  File "C:\GAMS\50\GMSPython\Lib\zipfile\__init__.py", line 1354, in __init__
    self._RealGetContents()
  File "C:\GAMS\50\GMSPython\Lib\zipfile\__init__.py", line 1421, in _RealGetContents
    raise BadZipFile("File is not a zip file")
Exception from Connect:
    ExcelWriter(3) failed: <class 'zipfile.BadZipFile'>: File is not a zip file
*** Error at line 698: Error executing "embeddedCode" section: Check log above
--- cvx-ll.gms(711) 7 Mb 1 Error
--- Initialize embedded library embconnectcclib64.dll
--- Execute embedded library embconnectcclib64.dll
--- Putfile fijx C:\Users\freal\Desktop\HubSpokeNetworkDesign\4node_spain\fij_long.csv
--- cvx-ll.gms(711) 7 Mb 1 Error
*** Status: Execution error(s)
--- Job cvx-ll.gms Stop 02/12/26 16:30:44 elapsed 0:00:01.142
