
--- Job cvx.gms Start 01/29/26 17:46:25 50.4.1 84b10359 WEX-WEI x86 64bit/MS Windows
--- Applying:
    C:\GAMS\50\gmsprmNT.txt
--- GAMS Parameters defined
    Input C:\Users\freal\Desktop\HubSpokeNetworkDesign\4node_spain\cvx.gms
    PageSize 0
    ScrDir C:\Users\freal\Desktop\HubSpokeNetworkDesign\4node_spain\225k\
    SysDir C:\GAMS\50\
    LogOption 3
    AppendLog 1
    ErrMsg 1
    ErrorLog 99
    IDE 1
    LstTitleLeftAligned 1
Licensee: Luis Cadarso Morga                             G250911+0003Ac-GEN
          University Rey Juan Carlos                                DCE4613
          225k\gamslice.dat
          node:23539203 mem:64 cores:8 ipport:61512 v:2                    
          Course license for use within the course and related course work
          The expiration date of time-limited license is Feb 08, 2026
System information: 8 physical cores and 64 Gb physical memory detected
GAMS 50.4.1   Copyright (C) 1987-2025 GAMS Development. All rights reserved
--- Starting compilation
--- cvx.gms(2) 2 Mb
--- . param_definition_cvx.gms(18) 3 Mb
--- .. demand.txt(16) 3 Mb
--- . param_definition_cvx.gms(24) 3 Mb
--- .. alt_utility.txt(16) 3 Mb
--- . param_definition_cvx.gms(31) 3 Mb
--- .. link_cost.txt(16) 3 Mb
--- . param_definition_cvx.gms(36) 3 Mb
--- .. link_capacity_slope.txt(16) 3 Mb
--- . param_definition_cvx.gms(41) 3 Mb
--- .. prices.txt(16) 3 Mb
--- . param_definition_cvx.gms(46) 3 Mb
--- .. op_link_cost.txt(16) 3 Mb
--- . param_definition_cvx.gms(52) 3 Mb
--- .. candidates.txt(16) 3 Mb
--- . param_definition_cvx.gms(57) 3 Mb
--- .. travel_time.txt(16) 3 Mb
--- . param_definition_cvx.gms(63) 3 Mb
--- .. station_cost.txt(4) 3 Mb
--- . param_definition_cvx.gms(68) 3 Mb
--- .. hub_cost.txt(4) 3 Mb
--- . param_definition_cvx.gms(73) 3 Mb
--- .. station_capacity_slope.txt(4) 3 Mb
--- . param_definition_cvx.gms(78) 3 Mb
--- .. budget.txt(1) 3 Mb
--- . param_definition_cvx.gms(84) 3 Mb
--- .. s_prev.txt(4) 3 Mb
--- . param_definition_cvx.gms(89) 3 Mb
--- .. sh_prev.txt(4) 3 Mb
--- . param_definition_cvx.gms(105) 3 Mb
--- .. lam.txt(1) 3 Mb
--- . param_definition_cvx.gms(109) 3 Mb
--- .. alfa.txt(1) 3 Mb
--- . param_definition_cvx.gms(114) 3 Mb
--- .. current_iter.txt(1) 3 Mb
--- . param_definition_cvx.gms(118) 3 Mb
--- .. niters.txt(1) 3 Mb
--- . param_definition_cvx.gms(130) 3 Mb
--- cvx.gms(429) 3 Mb
--- Starting execution: elapsed 0:00:00.014
--- cvx.gms(621) 4 Mb
--- Generating NLP model netplan
--- cvx.gms(623) 6 Mb
---   463 rows  445 columns  1,942 non-zeroes
---   256 nl-code  64 nl-non-zeroes
--- Range statistics (absolute non-zero finite values)
--- RHS       [min, max] : [ 1.000E-04, 1.000E+05] - Zero values observed as well
--- Bound     [min, max] : [ 1.000E-04, 1.000E+00] - Zero values observed as well
--- Matrix    [min, max] : [ 1.000E-02, 1.588E+09]
--- cvx.gms(623) 4 Mb
--- Executing MOSEK (Solvelink=2): elapsed 0:00:00.021

MOSEK            50.4.1 84b10359 Aug 28, 2025          WEI x86 64bit/MS Window

	M O S E K       version 11.0.28 (Build date: 2025-8-25 13:05:23)
	Copyright (C)   MOSEK ApS, Fruebjergvej 3, Box 16
	                DK-2100 Copenhagen, Denmark
	                https://www.mosek.com


Extraction of quadratics (ThreePass algorithm): 0.00s
Problem
  Name                   :                 
  Objective sense        : minimize        
  Type                   : CONIC (conic optimization problem)
  Constraints            : 462             
  Affine conic cons.     : 0               
  Disjunctive cons.      : 0               
  Cones                  : 32              
  Scalar variables       : 444             
  Matrix variables       : 0               
  Integer variables      : 0               

Optimizer started.
Presolve started.
Linear dependency checker started.
Linear dependency checker terminated.
Eliminator started.
Freed constraints in eliminator : 33
Eliminator terminated.
Eliminator - tries                  : 1                 time                   : 0.00            
Lin. dep.  - tries                  : 1                 time                   : 0.00            
Lin. dep.  - primal attempts        : 1                 successes              : 1               
Lin. dep.  - dual attempts          : 0                 successes              : 0               
Lin. dep.  - primal deps.           : 12                dual deps.             : 0               
Presolve terminated. Time: 0.00    
Optimizer  - threads                : 16              
Optimizer  - solved problem         : the primal      
Optimizer  - Constraints            : 127             
Optimizer  - Cones                  : 24              
Optimizer  - Scalar variables       : 297               conic                  : 72              
Optimizer  - Semi-definite variables: 0                 scalarized             : 0               
Factor     - setup time             : 0.00            
Factor     - dense det. time        : 0.00              GP order time          : 0.00            
Factor     - nonzeros before factor : 1263              after factor           : 1600            
Factor     - dense dim.             : 0                 flops                  : 3.41e+04        
ITE PFEAS    DFEAS    GFEAS    PRSTATUS   POBJ              DOBJ              MU       TIME  
0   2.5e+04  9.4e+08  1.2e+09  0.00e+00   4.321837237e+09   3.075064085e+09   1.0e+00  0.00  
1   9.4e+03  3.5e+08  7.6e+08  -1.00e+00  4.321864137e+09   3.075085674e+09   3.8e-01  0.00  
2   1.8e+03  7.0e+07  3.4e+08  -1.00e+00  4.321841861e+09   3.075076606e+09   7.4e-02  0.00  
3   3.3e+02  1.2e+07  1.4e+08  -1.00e+00  4.321815021e+09   3.075049372e+09   1.3e-02  0.00  
4   7.1e+00  2.7e+05  2.1e+07  -1.00e+00  4.320159850e+09   3.073403747e+09   2.8e-04  0.00  
5   1.9e-03  7.1e+01  3.4e+05  -1.00e+00  -1.930971533e+09  -3.139787906e+09  7.5e-08  0.00  
6   1.2e-04  4.5e+00  7.3e+04  -9.57e-01  -6.041161155e+09  -6.819396964e+09  4.8e-09  0.00  
7   3.4e-05  1.3e+00  1.6e+04  -2.08e-01  -3.908976086e+09  -4.201639983e+09  1.4e-09  0.00  
8   1.2e-05  4.6e-01  3.5e+03  9.31e-01   -7.036101290e+05  -1.102245181e+08  4.9e-10  0.00  
9   3.9e-06  1.5e-01  7.2e+02  7.27e-01   1.339035744e+09   1.299820551e+09   1.5e-10  0.00  
10  1.9e-06  7.1e-02  2.7e+02  6.67e-01   1.703048818e+09   1.681714828e+09   7.5e-11  0.00  
11  4.5e-07  1.7e-02  3.3e+01  7.72e-01   2.044729549e+09   2.039005152e+09   1.8e-11  0.00  
12  2.0e-07  7.7e-03  1.2e+01  6.59e-01   2.131161187e+09   2.128218193e+09   8.2e-12  0.00  
13  5.3e-08  2.0e-03  1.8e+00  8.21e-01   2.203928116e+09   2.203138247e+09   2.1e-12  0.00  
14  2.1e-08  8.0e-04  5.2e-01  7.45e-01   2.224107466e+09   2.223773055e+09   8.5e-13  0.00  
15  6.2e-09  2.3e-04  9.0e-02  8.60e-01   2.236933537e+09   2.236834208e+09   2.5e-13  0.00  
16  3.2e-09  1.2e-04  3.8e-02  7.86e-01   2.240298194e+09   2.240245841e+09   1.3e-13  0.01  
17  1.6e-09  6.0e-05  1.4e-02  7.91e-01   2.242727247e+09   2.242701251e+09   6.4e-14  0.01  
18  5.8e-10  2.2e-05  3.4e-03  8.74e-01   2.244510940e+09   2.244501819e+09   2.3e-14  0.01  
19  3.5e-10  1.3e-05  1.6e-03  7.49e-01   2.245094682e+09   2.245089017e+09   1.4e-14  0.01  
20  8.9e-11  3.3e-06  2.0e-04  1.00e+00   2.245753754e+09   2.245752224e+09   3.6e-15  0.01  
21  2.5e-11  9.2e-07  3.0e-05  1.01e+00   2.245917748e+09   2.245917359e+09   9.8e-16  0.01  
22  5.0e-12  1.9e-07  2.8e-06  9.87e-01   2.245966207e+09   2.245966134e+09   2.0e-16  0.01  
23  1.7e-12  6.4e-08  5.9e-07  9.57e-01   2.245974946e+09   2.245974922e+09   6.9e-17  0.01  
24  6.8e-13  2.6e-08  1.6e-07  9.22e-01   2.245977817e+09   2.245977808e+09   2.8e-17  0.01  
25  4.1e-13  1.6e-08  7.6e-08  8.47e-01   2.245978842e+09   2.245978836e+09   1.6e-17  0.01  
26  9.8e-14  3.7e-09  8.7e-09  9.22e-01   2.245980206e+09   2.245980205e+09   3.8e-18  0.01  
Optimizer terminated. Time: 0.01    


Interior-point solution summary
  Problem status  : PRIMAL_AND_DUAL_FEASIBLE
  Solution status : OPTIMAL
  Primal.  obj: 2.2459802061e+09    nrm: 2e+09    Viol.  con: 5e-01    var: 3e-09    cones: 0e+00  
  Dual.    obj: 2.2459802047e+09    nrm: 8e+09    Viol.  con: 2e-04    var: 3e+00    cones: 0e+00  

Return code - 0 [MSK_RES_OK]: No error occurred.
--- Reading solution for model netplan
--- Executing after solve: elapsed 0:00:00.079
--- cvx.gms(636) 4 Mb
--- GDX File (execute_unload) C:\Users\freal\Desktop\HubSpokeNetworkDesign\4node_spain\resultado.gdx
--- cvx.gms(645) 6 Mb
--- Initialize embedded library embconnectcclib64.dll
--- Execute embedded library embconnectcclib64.dll
--- cvx.gms(658) 6 Mb
--- Initialize embedded library embconnectcclib64.dll
--- Execute embedded library embconnectcclib64.dll
--- cvx.gms(671) 7 Mb
--- Initialize embedded library embconnectcclib64.dll
--- Execute embedded library embconnectcclib64.dll
--- Putfile fijx C:\Users\freal\Desktop\HubSpokeNetworkDesign\4node_spain\fij_long.csv
*** Status: Normal completion
--- Job cvx.gms Stop 01/29/26 17:46:26 elapsed 0:00:00.756
