--- Job mip.gms Start 04/09/26 11:23:32 50.4.1 84b10359 WEX-WEI x86 64bit/MS Windows
--- Applying:
    C:\GAMS\50\gmsprmNT.txt
--- GAMS Parameters defined
    Input C:\Users\freal\Desktop\HubSpokeNetworkDesign\4node_spain\mip.gms
    PageSize 0
    ScrDir C:\Users\freal\Desktop\HubSpokeNetworkDesign\4node_spain\225a\
    SysDir C:\GAMS\50\
    LogOption 3
    AppendLog 1
    ErrMsg 1
    ErrorLog 99
    IDE 1
    LstTitleLeftAligned 1
Licensee: Luis Cadarso Morga                             G260211+0003Ac-GEN
          University Rey Juan Carlos                                DCE4613
          225a\gamslice.dat
          node:23539203 mem:64 cores:8 ipport:63826 v:2                    
          Course license for use within the course and related course work
          The expiration date of time-limited license is Aug 10, 2026
System information: 8 physical cores and 64 Gb physical memory detected
GAMS 50.4.1   Copyright (C) 1987-2025 GAMS Development. All rights reserved
--- Starting compilation
--- mip.gms(2) 2 Mb
--- . param_definition.gms(18) 3 Mb
--- .. b.txt(320) 3 Mb
--- . param_definition.gms(24) 3 Mb
--- .. bord.txt(320) 3 Mb
--- . param_definition.gms(29) 3 Mb
--- .. lin_coef.txt(320) 3 Mb
--- . param_definition.gms(36) 3 Mb
--- .. demand.txt(16) 3 Mb
--- . param_definition.gms(42) 3 Mb
--- .. alt_utility.txt(16) 3 Mb
--- . param_definition.gms(48) 3 Mb
--- .. link_cost.txt(16) 3 Mb
--- . param_definition.gms(53) 3 Mb
--- .. link_capacity_slope.txt(16) 3 Mb
--- . param_definition.gms(58) 3 Mb
--- .. prices.txt(16) 3 Mb
--- . param_definition.gms(63) 3 Mb
--- .. op_link_cost.txt(16) 3 Mb
--- . param_definition.gms(68) 3 Mb
--- .. congestion_coefs_links.txt(16) 3 Mb
--- . param_definition.gms(78) 3 Mb
--- .. candidates.txt(16) 3 Mb
--- . param_definition.gms(83) 3 Mb
--- .. travel_time.txt(16) 3 Mb
--- . param_definition.gms(89) 3 Mb
--- .. station_cost.txt(4) 3 Mb
--- . param_definition.gms(94) 3 Mb
--- .. hub_cost.txt(4) 3 Mb
--- . param_definition.gms(99) 3 Mb
--- .. station_capacity_slope.txt(4) 3 Mb
--- . param_definition.gms(104) 3 Mb
--- .. congestion_coefs_stations.txt(4) 3 Mb
--- . param_definition.gms(110) 3 Mb
--- .. a_prev.txt(16) 3 Mb
--- . param_definition.gms(115) 3 Mb
--- .. s_prev.txt(4) 3 Mb
--- . param_definition.gms(120) 3 Mb
--- .. sh_prev.txt(4) 3 Mb
--- . param_definition.gms(137) 3 Mb
--- .. lam.txt(1) 3 Mb
--- . param_definition.gms(142) 3 Mb
--- .. budget.txt(1) 3 Mb
--- . param_definition.gms(147) 3 Mb
--- .. budget.txt(1) 3 Mb
--- . param_definition.gms(155) 3 Mb
--- mip.gms(261) 3 Mb
--- Starting execution: elapsed 0:00:00.032
--- mip.gms(1483) 4 Mb
--- Generating MIP model netdesign
--- mip.gms(1488) 5 Mb
---   2,150 rows  1,596 columns  6,095 non-zeroes
---   772 discrete-columns
--- Range statistics (absolute non-zero finite values)
--- RHS       [min, max] : [ 1.426E-02, 1.000E+07] - Zero values observed as well
--- Bound     [min, max] : [ 1.000E+00, 1.000E+00] - Zero values observed as well
--- Matrix    [min, max] : [ 1.000E-04, 2.093E+05]
--- Executing CPLEX (Solvelink=2): elapsed 0:00:00.032

IBM ILOG CPLEX   50.4.1 84b10359 Aug 28, 2025          WEI x86 64bit/MS Window

--- GAMS/CPLEX licensed for continuous and discrete problems.
--- GMO setup time: 0.00s
--- Space for names approximately 0.10 Mb
--- Use option 'names no' to turn use of names off
--- GMO memory 0.93 Mb (peak 0.94 Mb)
--- Dictionary memory 0.00 Mb
--- Cplex 22.1.2.0 link memory 0.06 Mb (peak 0.26 Mb)
--- Starting Cplex

Version identifier: 22.1.2.0 | 2024-11-25 | 0edbb82fd
CPXPARAM_Advance                                 0
CPXPARAM_Threads                                 16
CPXPARAM_Parallel                                1
CPXPARAM_MIP_Display                             4
CPXPARAM_MIP_Pool_Capacity                       0
CPXPARAM_TimeLimit                               600
CPXPARAM_MIP_Tolerances_AbsMIPGap                0
Generic callback                                 0x50
Found incumbent of value 0.000000 after 0.02 sec. (0.11 ticks)
Tried aggregator 2 times.
MIP Presolve eliminated 1514 rows and 916 columns.
MIP Presolve modified 144 coefficients.
Aggregator did 23 substitutions.
Reduced MIP has 612 rows, 657 columns, and 2646 nonzeros.
Reduced MIP has 340 binaries, 0 generals, 0 SOSs, and 0 indicators.
Presolve time = 0.05 sec. (4.71 ticks)
Probing fixed 118 vars, tightened 164 bounds.
Probing time = 0.00 sec. (1.27 ticks)
Cover probing fixed 0 vars, tightened 69 bounds.
Tried aggregator 1 time.
MIP Presolve eliminated 142 rows and 284 columns.
MIP Presolve modified 258 coefficients.
Reduced MIP has 470 rows, 373 columns, and 1688 nonzeros.
Reduced MIP has 186 binaries, 0 generals, 0 SOSs, and 0 indicators.
Presolve time = 0.00 sec. (1.41 ticks)
Probing fixed 8 vars, tightened 75 bounds.
Probing time = 0.00 sec. (0.57 ticks)
Cover probing fixed 0 vars, tightened 29 bounds.
Tried aggregator 1 time.
Detecting symmetries...
MIP Presolve eliminated 16 rows and 24 columns.
MIP Presolve modified 194 coefficients.
Reduced MIP has 454 rows, 349 columns, and 1600 nonzeros.
Reduced MIP has 178 binaries, 0 generals, 0 SOSs, and 0 indicators.
Presolve time = 0.00 sec. (1.11 ticks)
Probing fixed 0 vars, tightened 11 bounds.
Probing time = 0.00 sec. (0.51 ticks)
Cover probing fixed 0 vars, tightened 37 bounds.
Clique table members: 309.
MIP emphasis: balance optimality and feasibility.
MIP search method: dynamic search.
Parallel mode: deterministic, using up to 16 threads.
Parallel mode: deterministic, using up to 3 threads for parallel tasks at root LP.
Tried aggregator 1 time.
Aggregator did 15 substitutions.
Reduced LP has 439 rows, 334 columns, and 1619 nonzeros.
Presolve time = 0.00 sec. (0.34 ticks)
Initializing dual steep norms . . .

Iteration log . . .
Iteration:     1   Dual objective     =       -359308.366670
Iteration:    65   Dual objective     =       -335172.045768
Iteration:   127   Dual objective     =       -281694.083336
Initializing dual steep norms . . .
Root relaxation solution time = 0.03 sec. (2.12 ticks)

        Nodes                                         Cuts/
   Node  Left     Objective  IInf  Best Integer    Best Bound    ItCnt     Gap

*     0+    0                            0.0000  -390318.1566              --- 
Found incumbent of value 0.000000 after 0.11 sec. (17.27 ticks)
      0     0  -278310.8735    94        0.0000  -278310.8735      142     --- 
      0     0  -273348.0655   105        0.0000     Cuts: 213      269     --- 
      0     0  -223169.6075   114        0.0000     Cuts: 165      412     --- 
      0     0  -202303.3769   130        0.0000     Cuts: 117      503     --- 
      0     0  -200152.5505   137        0.0000      Cuts: 73      548     --- 
      0     0  -198446.0308   136        0.0000      Cuts: 90      604     --- 
Detecting symmetries...
      0     0  -198365.4570   135        0.0000      Cuts: 39      634     --- 
      0     0  -197962.7816   139        0.0000      Cuts: 29      658     --- 
      0     0  -197903.8597   139        0.0000      Cuts: 37      680     --- 
      0     0  -197757.1838   140        0.0000      Cuts: 32      694     --- 
      0     0  -197732.8282   143        0.0000      Cuts: 20      705     --- 
      0     0  -197519.2972   143        0.0000      Cuts: 16      722     --- 
      0     0  -197465.3085   144        0.0000      Cuts: 15      730     --- 
      0     0  -197360.2631   144        0.0000      Cuts: 17      742     --- 
      0     0  -197359.9628   144        0.0000      Cuts: 13      747     --- 
      0     0  -197351.0758   137        0.0000       Cuts: 9      754     --- 
Detecting symmetries...
      0     2  -197351.0758   133        0.0000  -159016.7607      754     --- 
Elapsed time = 0.23 sec. (97.26 ticks, tree = 0.02 MB)
*   281   136      integral     0     -962.2369  -159016.7607     2792     --- 
                                                     Cuts: 21                  
Found incumbent of value -962.236920 after 0.25 sec. (109.29 ticks)
*   283+  116                        -4849.0785  -159016.7607              --- 
Found incumbent of value -4849.078495 after 0.25 sec. (109.34 ticks)
*   317   206      integral     0    -5811.3156  -159016.7607     3767     --- 
Found incumbent of value -5811.315615 after 0.25 sec. (110.08 ticks)

Performing restart 1

Repeating presolve.
Tried aggregator 1 time.
MIP Presolve eliminated 5 rows and 5 columns.
MIP Presolve modified 85 coefficients.
Reduced MIP has 449 rows, 344 columns, and 1580 nonzeros.
Reduced MIP has 178 binaries, 0 generals, 0 SOSs, and 0 indicators.
Presolve time = 0.00 sec. (0.77 ticks)
Tried aggregator 1 time.
Reduced MIP has 449 rows, 344 columns, and 1580 nonzeros.
Reduced MIP has 178 binaries, 0 generals, 0 SOSs, and 0 indicators.
Presolve time = 0.00 sec. (1.02 ticks)
Represolve time = 0.00 sec. (4.21 ticks)
Tried aggregator 1 time.
LP Presolve eliminated 3 rows and 0 columns.
Aggregator did 5 substitutions.
Reduced LP has 629 rows, 339 columns, and 2983 nonzeros.
Presolve time = 0.00 sec. (0.45 ticks)
Initializing dual steep norms . . .

Iteration log . . .
Iteration:     1   Dual objective     =       -359308.366670
Iteration:    78   Dual objective     =       -339355.606173
Iteration:   154   Dual objective     =       -339355.605407
Iteration:   222   Dual objective     =       -242045.218097
Iteration:   298   Dual objective     =       -180945.855855
Iteration:   380   Dual objective     =       -168723.658171
Removing shift (1).
Initializing dual steep norms . . .
*  5183+    0                        -5811.3156  -124977.7597              --- 
Found incumbent of value -5811.315617 after 0.44 sec. (248.64 ticks)
   5183     0  -137099.3240   124    -5811.3156     Cuts: 104    50130     --- 
   5183     0   -98073.6584   123    -5811.3156     Cuts: 100    50243     --- 
   5183     0   -83117.3418   116    -5811.3156     Cuts: 136    50423     --- 
   5183     0   -75160.3867   118    -5811.3156      Cuts: 93    50520     --- 
   5183     0   -53929.6105   109    -5811.3156      Cuts: 84    50602  828.01%
   5183     0   -41736.7787   102    -5811.3156     Cuts: 101    50718  618.20%
   5183     0   -35450.5103    83    -5811.3156      Cuts: 96    50768  510.03%
   5183     0   -34211.1627    82    -5811.3156      Cuts: 45    50818  488.70%
   5183     0   -33851.7861    78    -5811.3156      Cuts: 52    50871  482.52%
   5183     0   -33701.4643    73    -5811.3156      Cuts: 52    50902  479.93%
   5183     0   -32782.9067    67    -5811.3156      Cuts: 34    50916  464.12%
   5183     0   -32738.0757    71    -5811.3156      Cuts: 26    50943  463.35%
   5183     0   -32654.1571    66    -5811.3156      Cuts: 13    50953  461.91%
   5183     0   -32654.1571    70    -5811.3156       Cuts: 6    50961  461.91%
   5183     0   -32654.1571    68    -5811.3156       Cuts: 4    50973  461.91%
   5183     0   -32515.4214    74    -5811.3156      Cuts: 13    51004  459.52%
   5183     0   -32503.8480    83    -5811.3156      Cuts: 33    51035  459.32%
   5183     0   -32431.0828    75    -5811.3156      Cuts: 27    51056  458.07%
   5183     0   -31408.0576    75    -5811.3156       Cuts: 7    51080  440.46%
   5183     0   -31408.0576    73    -5811.3156      Cuts: 19    51087  440.46%
   5183     0   -31408.0576    71    -5811.3156       Cuts: 2    51089  440.46%
   5183     2   -31408.0576    66    -5811.3156   -31408.0576    51089  440.46%

GUB cover cuts applied:  10
Clique cuts applied:  13
Cover cuts applied:  1
Implied bound cuts applied:  7
Flow cuts applied:  6
Mixed integer rounding cuts applied:  14
Zero-half cuts applied:  5
Lift and project cuts applied:  12
Gomory fractional cuts applied:  20

Root node processing (before b&c):
  Real time             =    0.22 sec. (96.95 ticks)
Parallel b&c, 16 threads:
  Real time             =    0.95 sec. (572.49 ticks)
  Sync time (average)   =    0.16 sec.
  Wait time (average)   =    0.00 sec.
                          ------------
Total (root+branch&cut) =    1.17 sec. (669.45 ticks)

--- MIP status (102): integer optimal, tolerance.
--- Cplex Time: 1.17sec (det. 669.45 ticks)

--- Returning a primal only solution to GAMS (marginals all set to NA).
--- Fixing integer variables and solving final LP...

Version identifier: 22.1.2.0 | 2024-11-25 | 0edbb82fd
CPXPARAM_Advance                                 2
CPXPARAM_Threads                                 16
CPXPARAM_Parallel                                1
CPXPARAM_MIP_Display                             4
CPXPARAM_MIP_Pool_Capacity                       0
CPXPARAM_TimeLimit                               600
CPXPARAM_MIP_Tolerances_AbsMIPGap                0
Tried aggregator 1 time.
LP Presolve eliminated 2128 rows and 1575 columns.
Aggregator did 9 substitutions.
Reduced LP has 12 rows, 12 columns, and 30 nonzeros.
Presolve time = 0.00 sec. (1.03 ticks)

Iteration log . . .
Iteration:     1   Scaled dual infeas =             0.000100
Iteration:     3   Dual objective     =        -90576.496536

--- Fixed MIP status (1): optimal.
--- Cplex Time: 0.00sec (det. 1.84 ticks)


Solution satisfies tolerances

--- Reading solution for model netdesign
--- Executing after solve: elapsed 0:00:01.600
--- mip.gms(1507) 5 Mb
--- GDX File (execute_unload) C:\Users\freal\Desktop\HubSpokeNetworkDesign\4node_spain\resultado.gdx
--- mip.gms(1517) 8 Mb
--- Initialize embedded library embconnectcclib64.dll
--- mip.gms(1517) 8 Mb  3 secs
--- Execute embedded library embconnectcclib64.dll
--- Putfile fijx C:\Users\freal\Desktop\HubSpokeNetworkDesign\4node_spain\fij_long.csv
*** Status: Normal completion
--- Job mip.gms Stop 04/09/26 11:23:38 elapsed 0:00:06.281
