
--- Job param_definition_cvx.gms Start 01/21/26 17:00:35 50.4.1 84b10359 WEX-WEI x86 64bit/MS Windows
--- Applying:
    C:\GAMS\50\gmsprmNT.txt
--- GAMS Parameters defined
    Input C:\Users\freal\Desktop\HubSpokeNetworkDesign\4node_spain\param_definition_cvx.gms
    PageSize 0
    ScrDir C:\Users\freal\Desktop\HubSpokeNetworkDesign\4node_spain\225c\
    SysDir C:\GAMS\50\
    LogOption 3
    AppendLog 1
    ErrMsg 1
    ErrorLog 99
    IDE 1
    LstTitleLeftAligned 1
Licensee: Luis Cadarso Morga                             G250911+0003Ac-GEN
          University Rey Juan Carlos                                DCE4613
          225c\gamslice.dat
          node:23539203 mem:64 cores:8 ipport:63569 v:2                    
          Course license for use within the course and related course work
          The expiration date of time-limited license is Feb 08, 2026
System information: 8 physical cores and 64 Gb physical memory detected
GAMS 50.4.1   Copyright (C) 1987-2025 GAMS Development. All rights reserved
--- Starting compilation
--- param_definition_cvx.gms(18) 3 Mb
--- . demand.txt(16) 3 Mb
--- param_definition_cvx.gms(24) 3 Mb
--- . alt_time.txt(16) 3 Mb
--- param_definition_cvx.gms(30) 3 Mb
--- . alt_price.txt(16) 3 Mb
--- param_definition_cvx.gms(36) 3 Mb
--- . link_cost.txt(16) 3 Mb
--- param_definition_cvx.gms(41) 3 Mb
--- . link_capacity_slope.txt(16) 3 Mb
--- param_definition_cvx.gms(46) 3 Mb
--- . prices.txt(16) 3 Mb
--- param_definition_cvx.gms(51) 3 Mb
--- . op_link_cost.txt(16) 3 Mb
--- param_definition_cvx.gms(57) 3 Mb
--- . candidates.txt(16) 3 Mb
--- param_definition_cvx.gms(62) 3 Mb
--- . travel_time.txt(16) 3 Mb
--- param_definition_cvx.gms(68) 3 Mb
--- . station_cost.txt(4) 3 Mb
--- param_definition_cvx.gms(73) 3 Mb
--- . station_capacity_slope.txt(4) 3 Mb
--- param_definition_cvx.gms(81) 3 Mb
--- . a_prev.txt(64) 3 Mb
--- param_definition_cvx.gms(87) 3 Mb
--- . s_prev.txt(8) 3 Mb
--- param_definition_cvx.gms(102) 3 Mb
--- . lam.txt(1) 3 Mb
--- param_definition_cvx.gms(106) 3 Mb
--- . alfa.txt(1) 3 Mb
--- param_definition_cvx.gms(110) 3 Mb
--- . beta.txt(1) 3 Mb
--- param_definition_cvx.gms(114) 3 Mb 1 Error
*** Error 282 in C:\Users\freal\Desktop\HubSpokeNetworkDesign\4node_spain\param_definition_cvx.gms
    Unable to open include file
       Hint: Does the filename need to be quoted?
--- param_definition_cvx.gms(118) 3 Mb
--- param_definition_cvx.gms(126) 3 Mb 1 Error
*** Status: Compilation error(s)
--- Job param_definition_cvx.gms Stop 01/21/26 17:00:35 elapsed 0:00:00.000
