
--- Job cvx-ll.gms Start 03/04/26 12:46:02 50.4.1 84b10359 WEX-WEI x86 64bit/MS Windows
--- Applying:
    C:\GAMS\50\gmsprmNT.txt
--- GAMS Parameters defined
    Input C:\Users\freal\Desktop\HubSpokeNetworkDesign\8node_spain\cvx-ll.gms
    PageSize 0
    ScrDir C:\Users\freal\Desktop\HubSpokeNetworkDesign\8node_spain\225l\
    SysDir C:\GAMS\50\
    LogOption 3
    AppendLog 1
    ErrMsg 1
    ErrorLog 99
    IDE 1
    LstTitleLeftAligned 1
*** Time-limited license expired 24 days ago
Licensee: Luis Cadarso Morga                             G250911+0003Ac-GEN
          University Rey Juan Carlos                                DCE4613
          225l\gamslice.dat
          node:23539203 mem:64 cores:8 ipport:59463 v:2                    
          Course license for use within the course and related course work
System information: 8 physical cores and 64 Gb physical memory detected
GAMS 50.4.1   Copyright (C) 1987-2025 GAMS Development. All rights reserved
--- Starting compilation
--- cvx-ll.gms(2) 2 Mb
--- . param_definition_cvx-blo.gms(18) 3 Mb
--- .. demand.txt(64) 3 Mb
--- . param_definition_cvx-blo.gms(26) 3 Mb
--- .. alt_utility.txt(64) 3 Mb
--- . param_definition_cvx-blo.gms(33) 3 Mb
--- .. link_cost.txt(64) 3 Mb
--- . param_definition_cvx-blo.gms(38) 3 Mb
--- .. link_capacity_slope.txt(64) 3 Mb
--- . param_definition_cvx-blo.gms(43) 3 Mb
--- .. alfa_od.txt(64) 3 Mb
--- . param_definition_cvx-blo.gms(48) 3 Mb
--- .. beta_od.txt(64) 3 Mb
--- . param_definition_cvx-blo.gms(53) 3 Mb
--- .. prices.txt(64) 3 Mb
--- . param_definition_cvx-blo.gms(58) 3 Mb
--- .. op_link_cost.txt(64) 3 Mb
--- . param_definition_cvx-blo.gms(65) 3 Mb
--- .. candidates.txt(64) 3 Mb
--- . param_definition_cvx-blo.gms(70) 3 Mb
--- .. travel_time.txt(64) 3 Mb
--- . param_definition_cvx-blo.gms(76) 3 Mb
--- .. station_cost.txt(8) 3 Mb
--- . param_definition_cvx-blo.gms(81) 3 Mb
--- .. hub_cost.txt(8) 3 Mb
--- . param_definition_cvx-blo.gms(86) 3 Mb
--- .. station_capacity_slope.txt(8) 3 Mb
--- . param_definition_cvx-blo.gms(91) 3 Mb
--- .. budget.txt(1) 3 Mb
--- . param_definition_cvx-blo.gms(96) 3 Mb
--- .. f_bounds.txt(64) 3 Mb
--- . param_definition_cvx-blo.gms(102) 3 Mb
--- .. s_prev.txt(8) 3 Mb
--- . param_definition_cvx-blo.gms(107) 3 Mb
--- .. sh_prev.txt(8) 3 Mb
--- . param_definition_cvx-blo.gms(123) 3 Mb
--- .. lam.txt(1) 3 Mb
--- . param_definition_cvx-blo.gms(127) 3 Mb
--- .. alfa.txt(1) 3 Mb
--- . param_definition_cvx-blo.gms(132) 3 Mb
--- .. current_iter.txt(1) 3 Mb
--- . param_definition_cvx-blo.gms(136) 3 Mb
--- .. niters.txt(1) 3 Mb
--- . param_definition_cvx-blo.gms(140) 3 Mb
--- .. gamma.txt(1) 3 Mb
--- . param_definition_cvx-blo.gms(152) 3 Mb
--- cvx-ll.gms(373) 3 Mb
--- $echo File C:\Users\freal\Desktop\HubSpokeNetworkDesign\8node_spain\mosek.opt
--- cvx-ll.gms(473) 3 Mb
--- Starting execution: elapsed 0:00:00.016
--- cvx-ll.gms(1263) 4 Mb
--- Generating MINLP model netplan
--- cvx-ll.gms(1267) 8 Mb
---   2,958 rows  4,822 columns  26,890 non-zeroes
---   1,024 nl-code  256 nl-non-zeroes
--- Range statistics (absolute non-zero finite values)
--- RHS       [min, max] : [ 1.000E-06, 1.000E+07] - Zero values observed as well
--- Bound     [min, max] : [ 1.000E-06, 1.000E+00] - Zero values observed as well
--- Matrix    [min, max] : [ 1.000E-06, 1.000E+06]
--- cvx-ll.gms(1267) 6 Mb
--- Executing DICOPT (Solvelink=2): elapsed 0:00:00.079
-------------------------------------------------------------------------------
Dicopt 2         50.4.1 84b10359 Aug 28, 2025          WEI x86 64bit/MS Window
-------------------------------------------------------------------------------
*** Dicopt 2 is not included in your license, and the model size exceeds the community license limits.
*** To update your license, please contact your distributor.
--- Reading solution for model netplan
--- Executing after solve: elapsed 0:00:00.111
--- cvx-ll.gms(1282) 6 Mb
--- Generating NLP model netplan
--- cvx-ll.gms(1286) 8 Mb
---   2,958 rows  4,822 columns  26,890 non-zeroes
---   1,024 nl-code  256 nl-non-zeroes
--- Range statistics (absolute non-zero finite values)
--- RHS       [min, max] : [ 1.000E-06, 1.000E+07] - Zero values observed as well
--- Bound     [min, max] : [ 1.000E-06, 1.000E+00] - Zero values observed as well
--- Matrix    [min, max] : [ 1.000E-06, 1.000E+06]
--- cvx-ll.gms(1286) 6 Mb
--- Executing MOSEK (Solvelink=2): elapsed 0:00:00.155

MOSEK            50.4.1 84b10359 Aug 28, 2025          WEI x86 64bit/MS Window

	M O S E K       version 11.0.28 (Build date: 2025-8-25 13:05:23)
	Copyright (C)   MOSEK ApS, Fruebjergvej 3, Box 16
	                DK-2100 Copenhagen, Denmark
	                https://www.mosek.com

GAMS/MOSEK license detected
Reading parameter(s) from "C:\Users\freal\Desktop\HubSpokeNetworkDesign\8node_spain\mosek.opt"
>>  MSK_DPAR_INTPNT_TOL_REL_GAP   1e-14
>>  MSK_DPAR_INTPNT_TOL_PFEAS     1e-14
>>  MSK_DPAR_INTPNT_TOL_DFEAS     1e-14
>>  MSK_DPAR_BASIS_REL_TOL_S      1e-14
Finished reading from "C:\Users\freal\Desktop\HubSpokeNetworkDesign\8node_spain\mosek.opt"

Extraction of quadratics (ThreePass algorithm): 0.00s
Problem
  Name                   :                 
  Objective sense        : minimize        
  Type                   : CONIC (conic optimization problem)
  Constraints            : 2957            
  Affine conic cons.     : 0               
  Disjunctive cons.      : 0               
  Cones                  : 128             
  Scalar variables       : 4821            
  Matrix variables       : 0               
  Integer variables      : 0               

Optimizer started.
Presolve started.
Linear dependency checker started.
Linear dependency checker terminated.
Eliminator started.
Freed constraints in eliminator : 90
Eliminator terminated.
Eliminator - tries                  : 1                 time                   : 0.00            
Lin. dep.  - tries                  : 1                 time                   : 0.00            
Lin. dep.  - primal attempts        : 1                 successes              : 1               
Lin. dep.  - dual attempts          : 0                 successes              : 0               
Lin. dep.  - primal deps.           : 54                dual deps.             : 0               
Presolve terminated. Time: 0.00    
Optimizer  - threads                : 16              
Optimizer  - solved problem         : the primal      
Optimizer  - Constraints            : 822             
Optimizer  - Cones                  : 108             
Optimizer  - Scalar variables       : 3836              conic                  : 324             
Optimizer  - Semi-definite variables: 0                 scalarized             : 0               
Factor     - setup time             : 0.01            
Factor     - dense det. time        : 0.00              GP order time          : 0.00            
Factor     - nonzeros before factor : 1.64e+04          after factor           : 3.05e+04        
Factor     - dense dim.             : 8                 flops                  : 1.85e+06        
ITE PFEAS    DFEAS    GFEAS    PRSTATUS   POBJ              DOBJ              MU       TIME  
0   2.5e+06  3.1e+05  1.8e+05  0.00e+00   1.188921766e+06   1.370530101e+06   1.0e+00  0.02  
1   1.6e+06  1.9e+05  1.4e+05  -1.00e+00  1.725079960e+06   1.906688924e+06   6.4e-01  0.02  
2   5.4e+05  6.5e+04  8.4e+04  -1.00e+00  2.692984838e+06   2.874596381e+06   2.1e-01  0.02  
3   1.5e+05  1.9e+04  4.5e+04  -1.00e+00  3.509238619e+06   3.690856626e+06   6.1e-02  0.02  
4   4.3e+04  5.3e+03  2.4e+04  -1.00e+00  3.161438510e+06   3.343056984e+06   1.7e-02  0.03  
5   7.8e+03  9.6e+02  1.0e+04  -9.99e-01  3.270794978e+06   3.452302742e+06   3.1e-03  0.03  
6   1.0e+03  1.2e+02  3.6e+03  -9.94e-01  2.666591669e+06   2.846216416e+06   4.0e-04  0.03  
7   1.1e+02  1.4e+01  1.0e+03  -9.45e-01  -1.657564511e+06  -1.497706295e+06  4.5e-05  0.03  
8   4.6e+01  5.6e+00  3.8e+02  -3.20e-01  -2.742198673e+06  -2.647288048e+06  1.8e-05  0.03  
9   2.8e+01  3.5e+00  1.4e+02  1.13e+00   -6.724997534e+05  -6.259763452e+05  1.1e-05  0.03  
10  1.3e+01  1.6e+00  3.7e+01  1.16e+00   3.141954587e+05   3.328860064e+05   5.1e-06  0.04  
11  5.5e+00  6.7e-01  1.0e+01  1.07e+00   6.695511224e+05   6.774205874e+05   2.2e-06  0.04  
12  2.4e+00  2.9e-01  2.6e+00  1.17e+00   8.135226099e+05   8.165295344e+05   9.5e-07  0.04  
13  1.9e+00  2.3e-01  1.7e+00  1.38e+00   8.444238625e+05   8.466008990e+05   7.4e-07  0.04  
14  9.2e-01  1.1e-01  5.3e-01  1.40e+00   8.917745845e+05   8.926715507e+05   3.7e-07  0.04  
15  5.4e-01  6.6e-02  2.1e-01  1.39e+00   9.108240402e+05   9.112807684e+05   2.1e-07  0.05  
16  3.5e-01  4.2e-02  1.1e-01  1.33e+00   9.187408701e+05   9.190125440e+05   1.4e-07  0.05  
17  2.2e-01  2.6e-02  5.1e-02  1.24e+00   9.233447539e+05   9.235065792e+05   8.7e-08  0.05  
18  1.1e-01  1.3e-02  1.8e-02  1.13e+00   9.270840661e+05   9.271633203e+05   4.3e-08  0.05  
19  7.2e-02  8.8e-03  1.0e-02  9.59e-01   9.283059054e+05   9.283616972e+05   2.9e-08  0.05  
20  5.7e-02  7.0e-03  7.3e-03  8.59e-01   9.288776220e+05   9.289240117e+05   2.3e-08  0.05  
21  5.1e-02  6.2e-03  5.9e-03  8.76e-01   9.291794747e+05   9.292194507e+05   2.0e-08  0.06  
22  3.5e-02  4.3e-03  3.5e-03  8.85e-01   9.298153893e+05   9.298442015e+05   1.4e-08  0.06  
23  3.1e-02  3.8e-03  3.0e-03  8.24e-01   9.299954730e+05   9.300217672e+05   1.3e-08  0.06  
24  1.3e-02  1.6e-03  8.5e-04  8.47e-01   9.308617736e+05   9.308737042e+05   5.3e-09  0.06  
25  9.2e-03  1.1e-03  5.3e-04  7.71e-01   9.310547221e+05   9.310637412e+05   3.7e-09  0.06  
26  3.9e-03  4.7e-04  1.6e-04  7.75e-01   9.313812221e+05   9.313855704e+05   1.5e-09  0.06  
27  3.0e-03  3.6e-04  1.2e-04  5.06e-01   9.314543164e+05   9.314581560e+05   1.2e-09  0.07  
28  2.7e-03  3.3e-04  1.1e-04  3.90e-01   9.314860984e+05   9.314897069e+05   1.1e-09  0.07  
29  2.3e-03  2.9e-04  9.7e-05  2.97e-01   9.315157311e+05   9.315193339e+05   9.3e-10  0.07  
30  2.1e-03  2.6e-04  7.8e-05  3.75e-01   9.315497328e+05   9.315528321e+05   8.4e-10  0.07  
31  1.2e-03  1.5e-04  4.9e-05  3.13e-01   9.316746560e+05   9.316773034e+05   5.0e-10  0.07  
32  8.4e-04  1.0e-04  2.8e-05  3.62e-01   9.317692933e+05   9.317712270e+05   3.3e-10  0.07  
33  7.0e-04  8.6e-05  2.2e-05  3.37e-01   9.318097671e+05   9.318114894e+05   2.8e-10  0.08  
34  4.7e-04  5.8e-05  1.5e-05  2.66e-01   9.318837980e+05   9.318853070e+05   1.9e-10  0.08  
35  3.8e-04  4.6e-05  1.0e-05  3.63e-01   9.319289127e+05   9.319300559e+05   1.5e-10  0.08  
36  1.4e-04  1.7e-05  3.5e-06  3.15e-01   9.321037857e+05   9.321044544e+05   5.5e-11  0.08  
37  4.8e-05  5.8e-06  8.1e-07  4.90e-01   9.322247850e+05   9.322250629e+05   1.9e-11  0.08  
38  3.0e-05  3.7e-06  5.9e-07  2.70e-01   9.322630219e+05   9.322633022e+05   1.2e-11  0.08  
39  1.2e-05  1.5e-06  1.7e-07  6.78e-01   9.323304369e+05   9.323305629e+05   4.9e-12  0.08  
40  6.0e-06  7.3e-07  6.3e-08  7.12e-01   9.323601314e+05   9.323602013e+05   2.4e-12  0.09  
41  4.1e-06  5.0e-07  3.7e-08  7.43e-01   9.323712877e+05   9.323713390e+05   1.6e-12  0.09  
42  1.2e-06  1.4e-07  7.1e-09  7.54e-01   9.323913759e+05   9.323913943e+05   4.7e-13  0.09  
43  5.4e-07  6.6e-08  2.5e-09  7.31e-01   9.323979525e+05   9.323979624e+05   2.2e-13  0.09  
44  2.7e-07  3.3e-08  9.4e-10  7.87e-01   9.324013012e+05   9.324013067e+05   1.1e-13  0.09  
45  8.1e-08  9.9e-09  1.8e-10  7.80e-01   9.324040167e+05   9.324040187e+05   3.2e-14  0.09  
Optimizer terminated. Time: 0.10    


Interior-point solution summary
  Problem status  : PRIMAL_AND_DUAL_FEASIBLE
  Solution status : OPTIMAL
  Primal.  obj: 9.3240401668e+05    nrm: 1e+06    Viol.  con: 6e-02    var: 6e-09    cones: 0e+00  
  Dual.    obj: 9.3240401872e+05    nrm: 5e+08    Viol.  con: 1e-04    var: 2e-03    cones: 0e+00  

Return code - 0 [MSK_RES_OK]: No error occurred.
--- Reading solution for model netplan
--- Executing after solve: elapsed 0:00:00.330
--- cvx-ll.gms(1299) 6 Mb
--- GDX File (execute_unload) C:\Users\freal\Desktop\HubSpokeNetworkDesign\8node_spain\resultado.gdx
--- cvx-ll.gms(1308) 8 Mb
--- Initialize embedded library embconnectcclib64.dll
--- Execute embedded library embconnectcclib64.dll
--- cvx-ll.gms(1321) 8 Mb
--- Initialize embedded library embconnectcclib64.dll
--- Execute embedded library embconnectcclib64.dll
--- cvx-ll.gms(1334) 9 Mb
--- Initialize embedded library embconnectcclib64.dll
--- Execute embedded library embconnectcclib64.dll
--- Putfile fijx C:\Users\freal\Desktop\HubSpokeNetworkDesign\8node_spain\fij_long.csv
*** Status: Normal completion
--- Job cvx-ll.gms Stop 03/04/26 12:46:03 elapsed 0:00:01.130
