--- Job cvx-sl.gms Start 02/26/26 12:07:37 50.4.1 84b10359 WEX-WEI x86 64bit/MS Windows
--- Applying:
    C:\GAMS\50\gmsprmNT.txt
--- GAMS Parameters defined
    Input C:\Users\freal\Desktop\HubSpokeNetworkDesign\8node_spain\cvx-sl.gms
    PageSize 0
    ScrDir C:\Users\freal\Desktop\HubSpokeNetworkDesign\8node_spain\225g\
    SysDir C:\GAMS\50\
    LogOption 3
    AppendLog 1
    ErrMsg 1
    ErrorLog 99
    IDE 1
    LstTitleLeftAligned 1
*** Time-limited license expired 18 days ago
Licensee: Luis Cadarso Morga                             G250911+0003Ac-GEN
          University Rey Juan Carlos                                DCE4613
          225g\gamslice.dat
          node:23539203 mem:64 cores:8 ipport:54361 v:2                    
          Course license for use within the course and related course work
System information: 8 physical cores and 64 Gb physical memory detected
GAMS 50.4.1   Copyright (C) 1987-2025 GAMS Development. All rights reserved
--- Starting compilation
--- cvx-sl.gms(2) 2 Mb
--- . param_definition_cvx-blo.gms(18) 3 Mb
--- .. demand.txt(64) 3 Mb
--- . param_definition_cvx-blo.gms(26) 3 Mb
--- .. alt_utility.txt(64) 3 Mb
--- . param_definition_cvx-blo.gms(33) 3 Mb
--- .. link_cost.txt(64) 3 Mb
--- . param_definition_cvx-blo.gms(38) 3 Mb
--- .. link_capacity_slope.txt(64) 3 Mb
--- . param_definition_cvx-blo.gms(43) 3 Mb
--- .. alfa_od.txt(64) 3 Mb
--- . param_definition_cvx-blo.gms(48) 3 Mb
--- .. beta_od.txt(64) 3 Mb
--- . param_definition_cvx-blo.gms(53) 3 Mb
--- .. prices.txt(64) 3 Mb
--- . param_definition_cvx-blo.gms(58) 3 Mb
--- .. op_link_cost.txt(64) 3 Mb
--- . param_definition_cvx-blo.gms(65) 3 Mb
--- .. candidates.txt(64) 3 Mb
--- . param_definition_cvx-blo.gms(70) 3 Mb
--- .. travel_time.txt(64) 3 Mb
--- . param_definition_cvx-blo.gms(76) 3 Mb
--- .. station_cost.txt(8) 3 Mb
--- . param_definition_cvx-blo.gms(81) 3 Mb
--- .. hub_cost.txt(8) 3 Mb
--- . param_definition_cvx-blo.gms(86) 3 Mb
--- .. station_capacity_slope.txt(8) 3 Mb
--- . param_definition_cvx-blo.gms(91) 3 Mb
--- .. budget.txt(1) 3 Mb
--- . param_definition_cvx-blo.gms(96) 3 Mb
--- .. f_bounds.txt(64) 3 Mb
--- . param_definition_cvx-blo.gms(102) 3 Mb
--- .. s_prev.txt(8) 3 Mb
--- . param_definition_cvx-blo.gms(107) 3 Mb
--- .. sh_prev.txt(8) 3 Mb
--- . param_definition_cvx-blo.gms(123) 3 Mb
--- .. lam.txt(1) 3 Mb
--- . param_definition_cvx-blo.gms(127) 3 Mb
--- .. alfa.txt(1) 3 Mb
--- . param_definition_cvx-blo.gms(132) 3 Mb
--- .. current_iter.txt(1) 3 Mb
--- . param_definition_cvx-blo.gms(136) 3 Mb
--- .. niters.txt(1) 3 Mb
--- . param_definition_cvx-blo.gms(140) 3 Mb
--- .. gamma.txt(1) 3 Mb
--- . param_definition_cvx-blo.gms(152) 3 Mb
--- cvx-sl.gms(447) 3 Mb
--- Starting execution: elapsed 0:00:00.016
--- cvx-sl.gms(1258) 4 Mb
--- Generating NLP model netplan
--- cvx-sl.gms(1260) 8 Mb
---   2,893 rows  4,822 columns  26,807 non-zeroes
---   1,024 nl-code  256 nl-non-zeroes
--- Range statistics (absolute non-zero finite values)
--- RHS       [min, max] : [ 3.325E-11, 1.000E+07] - Zero values observed as well
--- Bound     [min, max] : [ 1.000E-06, 1.000E+00] - Zero values observed as well
--- Matrix    [min, max] : [ 1.000E-06, 6.082E+05]
--- cvx-sl.gms(1260) 6 Mb
--- Executing MOSEK (Solvelink=2): elapsed 0:00:00.064

MOSEK            50.4.1 84b10359 Aug 28, 2025          WEI x86 64bit/MS Window

	M O S E K       version 11.0.28 (Build date: 2025-8-25 13:05:23)
	Copyright (C)   MOSEK ApS, Fruebjergvej 3, Box 16
	                DK-2100 Copenhagen, Denmark
	                https://www.mosek.com

GAMS/MOSEK license detected

Extraction of quadratics (ThreePass algorithm): 0.00s
Problem
  Name                   :                 
  Objective sense        : minimize        
  Type                   : CONIC (conic optimization problem)
  Constraints            : 2892            
  Affine conic cons.     : 0               
  Disjunctive cons.      : 0               
  Cones                  : 128             
  Scalar variables       : 4821            
  Matrix variables       : 0               
  Integer variables      : 0               

Optimizer started.
Presolve started.
Linear dependency checker started.
Linear dependency checker terminated.
Eliminator started.
Freed constraints in eliminator : 132
Eliminator terminated.
Eliminator started.
Freed constraints in eliminator : 0
Eliminator terminated.
Eliminator - tries                  : 2                 time                   : 0.00            
Lin. dep.  - tries                  : 1                 time                   : 0.00            
Lin. dep.  - primal attempts        : 1                 successes              : 1               
Lin. dep.  - dual attempts          : 0                 successes              : 0               
Lin. dep.  - primal deps.           : 52                dual deps.             : 0               
Presolve terminated. Time: 0.01    
Optimizer  - threads                : 16              
Optimizer  - solved problem         : the primal      
Optimizer  - Constraints            : 750             
Optimizer  - Cones                  : 104             
Optimizer  - Scalar variables       : 3550              conic                  : 312             
Optimizer  - Semi-definite variables: 0                 scalarized             : 0               
Factor     - setup time             : 0.01            
Factor     - dense det. time        : 0.00              GP order time          : 0.00            
Factor     - nonzeros before factor : 1.58e+04          after factor           : 2.94e+04        
Factor     - dense dim.             : 8                 flops                  : 1.78e+06        
ITE PFEAS    DFEAS    GFEAS    PRSTATUS   POBJ              DOBJ              MU       TIME  
0   2.5e+06  1.3e+04  6.8e+04  0.00e+00   1.063743698e+05   3.855885999e+04   1.0e+00  0.02  
1   1.6e+06  8.3e+03  5.4e+04  -1.00e+00  1.299413323e+05   6.212634072e+04   6.4e-01  0.02  
2   4.2e+05  2.1e+03  2.8e+04  -1.00e+00  3.973421835e+05   3.295317974e+05   1.7e-01  0.02  
3   9.0e+04  4.6e+02  1.3e+04  -1.00e+00  2.086805743e+06   2.019018117e+06   3.6e-02  0.03  
4   4.2e+04  2.2e+02  8.8e+03  -1.00e+00  2.533971233e+06   2.466245711e+06   1.7e-02  0.03  
5   1.3e+04  6.5e+01  4.8e+03  -9.97e-01  2.007640135e+06   1.940334569e+06   5.0e-03  0.03  
6   1.5e+03  7.9e+00  1.6e+03  -9.88e-01  1.682071584e+06   1.619144213e+06   6.1e-04  0.03  
7   3.2e+02  1.6e+00  6.1e+02  -8.73e-01  3.576119119e+05   3.127765689e+05   1.3e-04  0.03  
8   1.5e+02  7.6e-01  1.6e+02  1.46e-01   2.033891489e+05   1.816438581e+05   5.9e-05  0.03  
9   3.1e+01  1.6e-01  1.1e+01  8.21e-01   6.189851330e+04   5.736625802e+04   1.2e-05  0.04  
10  1.3e+01  6.5e-02  3.2e+00  1.04e+00   7.226751053e+04   7.040539772e+04   5.0e-06  0.04  
11  6.0e+00  3.1e-02  1.0e+00  1.14e+00   7.461680869e+04   7.380652012e+04   2.4e-06  0.04  
12  3.6e+00  1.8e-02  4.7e-01  1.23e+00   7.777344916e+04   7.732741539e+04   1.4e-06  0.04  
13  2.4e+00  1.3e-02  2.6e-01  1.21e+00   7.996560935e+04   7.967684562e+04   9.8e-07  0.04  
14  2.0e+00  1.1e-02  1.9e-01  1.27e+00   8.059709128e+04   8.036743626e+04   8.2e-07  0.04  
15  1.2e+00  6.0e-03  8.2e-02  1.24e+00   8.199692139e+04   8.187471760e+04   4.7e-07  0.04  
16  6.3e-01  3.2e-03  3.2e-02  1.21e+00   8.258315578e+04   8.252087324e+04   2.5e-07  0.05  
17  5.3e-01  2.7e-03  2.5e-02  9.76e-01   8.287218599e+04   8.281882784e+04   2.1e-07  0.05  
18  4.2e-01  2.2e-03  1.9e-02  1.01e+00   8.314855306e+04   8.310528251e+04   1.7e-07  0.05  
19  2.6e-01  1.3e-03  9.1e-03  9.99e-01   8.359414510e+04   8.356738112e+04   1.0e-07  0.05  
20  1.9e-01  1.0e-03  6.3e-03  8.27e-01   8.380082429e+04   8.377929542e+04   7.7e-08  0.05  
21  1.6e-01  8.4e-04  5.0e-03  7.85e-01   8.391582363e+04   8.389699713e+04   6.5e-08  0.05  
22  1.2e-01  6.2e-04  3.2e-03  8.10e-01   8.409403906e+04   8.407973574e+04   4.8e-08  0.06  
23  8.3e-02  4.3e-04  2.0e-03  7.40e-01   8.425401644e+04   8.424313473e+04   3.3e-08  0.06  
24  3.8e-02  2.0e-04  6.6e-04  7.43e-01   8.451179181e+04   8.450641901e+04   1.5e-08  0.06  
25  1.8e-02  9.4e-05  2.8e-04  6.12e-01   8.468411419e+04   8.468094317e+04   7.3e-09  0.06  
26  1.2e-02  6.2e-05  1.6e-04  6.19e-01   8.476214134e+04   8.475983029e+04   4.8e-09  0.06  
27  6.5e-03  3.4e-05  7.5e-05  6.02e-01   8.485673622e+04   8.485529622e+04   2.6e-09  0.06  
28  5.2e-03  2.7e-05  6.0e-05  3.81e-01   8.489052672e+04   8.488922245e+04   2.1e-09  0.06  
29  4.9e-03  2.5e-05  5.5e-05  3.16e-01   8.490085155e+04   8.489960202e+04   1.9e-09  0.07  
30  3.9e-03  2.0e-05  4.7e-05  2.32e-01   8.493680632e+04   8.493562573e+04   1.6e-09  0.07  
31  3.8e-03  1.9e-05  4.3e-05  1.61e-01   8.493950571e+04   8.493840110e+04   1.5e-09  0.07  
32  2.9e-03  1.5e-05  3.3e-05  1.39e-01   8.499002590e+04   8.498904010e+04   1.1e-09  0.07  
33  1.6e-03  8.4e-06  1.8e-05  1.40e-01   8.508638637e+04   8.508569444e+04   6.5e-10  0.07  
34  1.2e-03  6.3e-06  1.4e-05  4.10e-02   8.513566240e+04   8.513504761e+04   4.9e-10  0.07  
35  7.9e-04  4.1e-06  8.4e-06  2.37e-01   8.521112899e+04   8.521068478e+04   3.2e-10  0.08  
36  6.2e-04  3.2e-06  6.8e-06  1.76e-01   8.524911317e+04   8.524872606e+04   2.5e-10  0.08  
37  4.6e-04  2.4e-06  4.4e-06  3.03e-01   8.529661616e+04   8.529632137e+04   1.8e-10  0.08  
38  2.4e-04  1.2e-06  2.5e-06  1.79e-01   8.539129332e+04   8.539111315e+04   9.5e-11  0.08  
39  1.5e-04  7.8e-07  1.2e-06  3.94e-01   8.544864350e+04   8.544852348e+04   6.1e-11  0.08  
40  3.8e-05  2.0e-07  2.5e-07  3.41e-01   8.559873452e+04   8.559871525e+04   1.5e-11  0.08  
41  1.6e-05  8.1e-08  9.4e-08  3.59e-01   8.566310186e+04   8.566310538e+04   6.3e-12  0.08  
42  5.2e-06  2.7e-08  2.1e-08  7.12e-01   8.570454280e+04   8.570454719e+04   2.1e-12  0.09  
43  3.5e-06  1.8e-08  1.2e-08  7.18e-01   8.571368792e+04   8.571369215e+04   1.4e-12  0.09  
44  1.9e-06  9.8e-09  5.3e-09  7.28e-01   8.572438868e+04   8.572439219e+04   7.6e-13  0.09  
45  7.2e-07  3.7e-09  1.4e-09  7.38e-01   8.573439937e+04   8.573440163e+04   2.9e-13  0.09  
46  3.4e-07  1.8e-09  5.4e-10  7.24e-01   8.573862522e+04   8.573862694e+04   1.4e-13  0.09  
47  8.9e-08  4.6e-10  8.4e-11  7.80e-01   8.574228394e+04   8.574228466e+04   3.6e-14  0.09  
48  4.6e-08  2.4e-10  3.6e-11  7.20e-01   8.574313022e+04   8.574313074e+04   1.9e-14  0.10  
49  3.0e-08  1.5e-10  1.9e-11  8.43e-01   8.574345452e+04   8.574345488e+04   1.2e-14  0.10  
Optimizer terminated. Time: 0.10    


Interior-point solution summary
  Problem status  : PRIMAL_AND_DUAL_FEASIBLE
  Solution status : OPTIMAL
  Primal.  obj: 8.5743454516e+04    nrm: 9e+04    Viol.  con: 3e-02    var: 3e-09    cones: 0e+00  
  Dual.    obj: 8.5743454880e+04    nrm: 5e+08    Viol.  con: 6e-10    var: 4e-05    cones: 6e-17  

Return code - 0 [MSK_RES_OK]: No error occurred.
--- Reading solution for model netplan
--- Executing after solve: elapsed 0:00:00.227
--- cvx-sl.gms(1273) 6 Mb
--- GDX File (execute_unload) C:\Users\freal\Desktop\HubSpokeNetworkDesign\8node_spain\resultado.gdx
--- cvx-sl.gms(1282) 8 Mb
--- Initialize embedded library embconnectcclib64.dll
--- Execute embedded library embconnectcclib64.dll
--- cvx-sl.gms(1295) 8 Mb
--- Initialize embedded library embconnectcclib64.dll
--- Execute embedded library embconnectcclib64.dll
--- cvx-sl.gms(1308) 9 Mb
--- Initialize embedded library embconnectcclib64.dll
--- Execute embedded library embconnectcclib64.dll
--- Putfile fijx C:\Users\freal\Desktop\HubSpokeNetworkDesign\8node_spain\fij_long.csv
*** Status: Normal completion
--- Job cvx-sl.gms Stop 02/26/26 12:07:38 elapsed 0:00:00.991
