
--- Job mip.gms Start 01/19/26 13:36:35 50.4.0 c55df396 DAX-DAC arm 64bit/macOS
--- Applying:
    /Library/Frameworks/GAMS.framework/Versions/50/Resources/gmsprmun.txt
    /Users/fernandorealrojas/Library/Preferences/GAMS/gamsconfig.yaml
--- GAMS Parameters defined
    Input /Users/fernandorealrojas/Desktop/HubSpokeNetworkDesign/8node_spain/mip.gms
    PageSize 0
    ScrDir /Users/fernandorealrojas/Desktop/HubSpokeNetworkDesign/8node_spain/225f/
    SysDir /Library/Frameworks/GAMS.framework/Versions/50/Resources/
    LogOption 3
    AppendLog 1
    ErrMsg 1
    ErrorLog 99
    IDE 1
    LstTitleLeftAligned 1
Licensee: Luis Cadarso Morga                             G250911+0003Ac-GEN
          University Rey Juan Carlos                                DCE4613
          225f/gamslice.dat
          node:26751803 mem:16 cores:8 ipport:64847 v:2                    
          Course license for use within the course and related course work
          The expiration date of time-limited license is Feb 08, 2026
System information: 8 physical cores and 16 Gb physical memory detected
GAMS 50.4.0   Copyright (C) 1987-2025 GAMS Development. All rights reserved
--- Starting compilation
--- mip.gms(4) 2 Mb
--- . param_definition.gms(18) 3 Mb
--- .. b.txt(640) 3 Mb
--- . param_definition.gms(24) 3 Mb
--- .. bord.txt(640) 3 Mb
--- . param_definition.gms(29) 3 Mb
--- .. lin_coef.txt(640) 3 Mb
--- . param_definition.gms(36) 3 Mb
--- .. demand.txt(64) 3 Mb
--- . param_definition.gms(42) 3 Mb
--- .. alt_time.txt(64) 3 Mb
--- . param_definition.gms(48) 3 Mb
--- .. alt_price.txt(64) 3 Mb
--- . param_definition.gms(54) 3 Mb
--- .. link_cost.txt(64) 3 Mb
--- . param_definition.gms(59) 3 Mb
--- .. link_capacity_slope.txt(64) 3 Mb
--- . param_definition.gms(64) 3 Mb
--- .. prices.txt(64) 3 Mb
--- . param_definition.gms(69) 3 Mb
--- .. op_link_cost.txt(64) 3 Mb
--- . param_definition.gms(74) 3 Mb
--- .. congestion_coefs_links.txt(64) 3 Mb
--- . param_definition.gms(84) 3 Mb
--- .. candidates.txt(64) 3 Mb
--- . param_definition.gms(89) 3 Mb
--- .. travel_time.txt(64) 3 Mb
--- . param_definition.gms(95) 3 Mb
--- .. station_cost.txt(8) 3 Mb
--- . param_definition.gms(100) 3 Mb
--- .. hub_cost.txt(8) 3 Mb
--- . param_definition.gms(105) 3 Mb
--- .. station_capacity_slope.txt(8) 3 Mb
--- . param_definition.gms(110) 3 Mb
--- .. congestion_coefs_stations.txt(8) 3 Mb
--- . param_definition.gms(116) 3 Mb
--- .. a_prev.txt(64) 3 Mb
--- . param_definition.gms(121) 3 Mb
--- .. s_prev.txt(8) 3 Mb
--- . param_definition.gms(137) 3 Mb
--- .. lam.txt(1) 3 Mb
--- . param_definition.gms(141) 3 Mb
--- .. alfa.txt(1) 3 Mb
--- . param_definition.gms(145) 3 Mb
--- .. beta.txt(1) 3 Mb
--- . param_definition.gms(149) 3 Mb
--- .. dm_pax.txt(1) 3 Mb
--- . param_definition.gms(153) 3 Mb
--- .. dm_op.txt(1) 3 Mb
--- . param_definition.gms(157) 3 Mb
--- .. budget.txt(1) 3 Mb
--- . param_definition.gms(162) 3 Mb
--- .. budget.txt(1) 3 Mb
--- . param_definition.gms(170) 3 Mb
--- mip.gms(284) 3 Mb
--- Starting execution: elapsed 0:00:00.012
--- mip.gms(3021) 4 Mb
--- Generating MIP model netdesign
--- mip.gms(3025) 9 Mb
---   16,102 rows  9,780 columns  55,943 non-zeroes
---   4,792 discrete-columns
--- Range statistics (absolute non-zero finite values)
--- RHS       [min, max] : [ 5.055E-01, 1.000E+05] - Zero values observed as well
--- Bound     [min, max] : [ 1.000E+00, 1.000E+00] - Zero values observed as well
--- Matrix    [min, max] : [ 2.889E-05, 2.731E+06]
--- Executing MOSEK (Solvelink=2): elapsed 0:00:00.049

MOSEK            50.4.0 c55df396 Aug 12, 2025          DAC arm 64bit/macOS    

	M O S E K       version 11.0.27 (Build date: 2025-7-30 14:26:05)
	Copyright (C)   MOSEK ApS, Fruebjergvej 3, Box 16
	                DK-2100 Copenhagen, Denmark
	                https://www.mosek.com

GAMS/MOSEK license detected

Setting up initial integer solution.
Problem
  Name                   :                 
  Objective sense        : minimize        
  Type                   : LO (linear optimization problem)
  Constraints            : 16101           
  Affine conic cons.     : 0               
  Disjunctive cons.      : 0               
  Cones                  : 0               
  Scalar variables       : 9779            
  Matrix variables       : 0               
  Integer variables      : 4792            

Optimizer started.
Mixed integer optimizer started.
Threads used: 8
Presolve started.
Presolve terminated. Time = 0.18, probing time =  0.08
Presolved problem: 6076 variables, 8512 constraints, 30744 non-zeros
Presolved problem: 0 general integer, 3024 binary, 3052 continuous
Clique table size: 3780
Symmetry factor  : 0.03 (detection time = 0.01)
Removed blocks   : 8
BRANCHES RELAXS   ACT_NDS  DEPTH    BEST_INT_OBJ         BEST_RELAX_OBJ       REL_GAP(%)  TIME  
0        8        1        0        NA                   NA                   NA          0.2   
Root cut generation started.
0        9        1        0        NA                   -5.9045169684e+07    NA          0.6   
0        10       1        0        NA                   -5.7862690044e+07    NA          0.8   
0        11       1        0        NA                   -5.3943273009e+07    NA          1.1   
0        12       1        0        NA                   -5.2382986193e+07    NA          1.5   
0        13       1        0        NA                   -5.1318538847e+07    NA          2.1   
Root cut generation terminated. Time = 1.02
1        46       2        0        NA                   -4.8534140902e+07    NA          11.4  
2        69       3        1        NA                   -4.8534140902e+07    NA          14.2  
3        86       4        1        NA                   -4.8512139010e+07    NA          16.5  
4        109      5        2        NA                   -4.8512139010e+07    NA          18.4  
6        146      7        2        NA                   -4.8512139010e+07    NA          20.5  
8        177      9        2        NA                   -4.8420593261e+07    NA          22.4  
11       237      12       3        NA                   -4.8420593261e+07    NA          24.8  
14       280      15       3        NA                   -4.8359439634e+07    NA          26.8  
19       353      20       3        NA                   -4.8359439634e+07    NA          28.8  
25       433      26       4        NA                   -4.8359439634e+07    NA          30.3  
33       539      34       5        NA                   -4.8359439634e+07    NA          32.8  
41       654      42       6        NA                   -4.8359439634e+07    NA          35.1  
63       679      64       9        NA                   -4.8359439634e+07    NA          36.0  
71       806      72       10       NA                   -4.8359439634e+07    NA          38.5  
95       831      96       13       NA                   -4.8359439634e+07    NA          39.2  
119      855      120      18       NA                   -4.8359439634e+07    NA          40.1  
147      883      148      25       NA                   -4.8359439634e+07    NA          40.7  
189      925      190      32       NA                   -4.8359439634e+07    NA          41.8  
204      1181     199      36       NA                   -4.8359439634e+07    NA          44.9  
241      1218     236      43       NA                   -4.8359439634e+07    NA          45.9  
308      1282     297      52       NA                   -4.8359439634e+07    NA          46.4  
373      1347     362      62       NA                   -4.8359439634e+07    NA          46.8  
457      1428     436      71       NA                   -4.8359439634e+07    NA          47.4  
553      1509     502      89       NA                   -4.8359439634e+07    NA          47.9  
623      1577     562      98       NA                   -4.8359439634e+07    NA          48.6  
705      1663     618      8        NA                   -4.8359439634e+07    NA          50.7  
727      1840     626      4        NA                   -4.8334983167e+07    NA          52.4  
781      1889     662      8        NA                   -4.8334983167e+07    NA          53.0  
834      1941     711      3        NA                   -4.8275483876e+07    NA          53.9  
905      2004     758      5        NA                   -4.8275483876e+07    NA          54.7  
921      2152     764      9        NA                   -4.8275483876e+07    NA          56.7  
970      2202     805      9        NA                   -4.8241325993e+07    NA          57.7  
1024     2253     841      5        NA                   -4.8237618425e+07    NA          58.6  
1086     2312     883      18       NA                   -4.8237618425e+07    NA          59.6  
1131     2359     920      19       NA                   -4.8220968920e+07    NA          60.6  
1157     2518     930      10       NA                   -4.8220968920e+07    NA          63.3  
1202     2561     961      8        NA                   -4.8157044264e+07    NA          64.3  
1255     2617     1004     8        NA                   -4.8155453484e+07    NA          65.4  
1284     2646     1025     10       NA                   -4.8155453484e+07    NA          66.6  
1292     2756     1033     16       NA                   -4.8155453484e+07    NA          68.9  
1311     2779     1052     9        NA                   -4.8142120881e+07    NA          69.8  
1340     2816     1081     10       NA                   -4.8124691011e+07    NA          71.2  
1367     2848     1108     12       NA                   -4.8110164732e+07    NA          72.1  
1375     2976     1116     17       NA                   -4.8110164732e+07    NA          74.3  
1397     3004     1138     12       NA                   -4.8110164732e+07    NA          75.4  
1422     3032     1163     15       NA                   -4.8110164732e+07    NA          76.5  
1445     3061     1186     16       NA                   -4.8093440698e+07    NA          78.0  
1480     3102     1221     13       NA                   -4.8093440698e+07    NA          79.2  
1488     3257     1229     23       NA                   -4.8093440698e+07    NA          82.9  
1507     3277     1248     22       NA                   -4.8093440698e+07    NA          83.6  
1534     3308     1275     16       NA                   -4.8083174460e+07    NA          84.8  
1572     3352     1313     14       NA                   -4.8083036581e+07    NA          86.2  
1606     3389     1345     17       NA                   -4.8083036581e+07    NA          87.1  
1622     3544     1355     19       NA                   -4.8083036581e+07    NA          88.7  
1663     3589     1396     9        NA                   -4.8066123616e+07    NA          89.9  
1703     3630     1430     20       NA                   -4.8066123616e+07    NA          90.9  
1749     3678     1472     21       NA                   -4.8066123616e+07    NA          92.1  
1763     3822     1480     16       NA                   -4.8051481046e+07    NA          94.2  
1811     3871     1522     16       NA                   -4.8051481046e+07    NA          95.0  
1872     3935     1575     19       NA                   -4.8033718489e+07    NA          96.1  
1922     3987     1621     18       NA                   -4.8033718489e+07    NA          97.2  
1936     4141     1631     18       NA                   -4.8001705261e+07    NA          99.4  
1985     4192     1674     19       NA                   -4.8001705261e+07    NA          100.5 
2046     4247     1721     7        NA                   -4.8001705261e+07    NA          101.4 
2100     4300     1759     19       NA                   -4.7970380141e+07    NA          103.4 
2148     4473     1767     19       NA                   -4.7970380141e+07    NA          104.9 
2199     4517     1800     20       NA                   -4.7970380141e+07    NA          105.9 
2270     4580     1839     20       NA                   -4.7919272633e+07    NA          107.1 
2326     4632     1879     24       NA                   -4.7919272633e+07    NA          108.1 
2354     4824     1889     26       NA                   -4.7919272633e+07    NA          111.2 

Performed MIP restart 1.
Presolve started.
Presolve terminated. Time = 0.34, probing time =  0.21
Presolved problem: 6076 variables, 9364 constraints, 75824 non-zeros
Presolved problem: 0 general integer, 3024 binary, 3052 continuous
Clique table size: 2850
Removed blocks   : 8
BRANCHES RELAXS   ACT_NDS  DEPTH    BEST_INT_OBJ         BEST_RELAX_OBJ       REL_GAP(%)  TIME  
2428     4890     1        0        NA                   -4.7919272633e+07    NA          112.7 
Root cut generation started.
2428     4891     1        0        NA                   -4.7919272633e+07    NA          113.5 
2428     4892     1        0        NA                   -4.7919272633e+07    NA          114.7 
2428     4893     1        0        NA                   -4.7919272633e+07    NA          115.8 
2428     4894     1        0        NA                   -4.7919272633e+07    NA          117.9 
2428     4895     1        0        NA                   -4.7919272633e+07    NA          120.3 
2428     4896     1        0        NA                   -4.7919272633e+07    NA          122.5 
2428     4897     1        0        NA                   -4.7919272633e+07    NA          126.7 
2428     4898     1        0        NA                   -4.7919272633e+07    NA          130.0 
2428     4899     1        0        NA                   -4.7904546276e+07    NA          133.7 
2428     4900     1        0        NA                   -4.7791440789e+07    NA          138.1 
2428     4901     1        0        NA                   -4.7633143307e+07    NA          142.7 
2428     4902     1        0        NA                   -4.7495297204e+07    NA          157.2 
2428     4903     1        0        NA                   -4.7402005883e+07    NA          163.6 
2428     4904     1        0        NA                   -4.7339878996e+07    NA          172.4 
2428     4905     1        0        NA                   -4.7225354284e+07    NA          180.0 

Objective of best integer solution : Not available.
Best objective bound               : -4.722535428430e+07     
Initial feasible solution objective: Undefined
Construct solution objective       : Not employed
User objective cut value           : Not employed
Number of cuts generated           : 6338
  Number of Gomory cuts            : 1901
  Number of CMIR cuts              : 3544
  Number of clique cuts            : 117
  Number of implied bound cuts     : 710
  Number of knapsack_cover cuts    : 66
Number of branches                 : 2428
Number of relaxations solved       : 4905
Number of interior point iterations: 48
Number of simplex iterations       : 866398
Time spend presolving the root     : 0.34
Time spend optimizing the root     : 1.29
Mixed integer optimizer terminated. Time: 180.00

Optimizer terminated. Time: 180.12  


Integer solution solution summary
  Problem status  : UNKNOWN
  Solution status : UNKNOWN
  Primal.  obj: 0.0000000000e+00    nrm: 0e+00    Viol.  con: 1e+00    var: 0e+00    itg: 0e+00  

Return code - 100001 [MSK_RES_TRM_MAX_TIME]: The optimizer terminated at the maximum amount of time.

Best possible: -47225354.2842985
--- Reading solution for model netdesign
--- Executing after solve: elapsed 0:03:00.269
--- mip.gms(3044) 9 Mb
--- GDX File (execute_unload) /Users/fernandorealrojas/Desktop/HubSpokeNetworkDesign/8node_spain/resultado.gdx
--- mip.gms(3053) 11 Mb
--- Initialize embedded library libembconnectcclib64.dylib
--- Execute embedded library libembconnectcclib64.dylib
--- mip.gms(3066) 11 Mb
--- Initialize embedded library libembconnectcclib64.dylib
--- Execute embedded library libembconnectcclib64.dylib
--- mip.gms(3079) 13 Mb
--- Initialize embedded library libembconnectcclib64.dylib
--- Execute embedded library libembconnectcclib64.dylib
--- Putfile fijx /Users/fernandorealrojas/Desktop/HubSpokeNetworkDesign/8node_spain/fij_long.csv
*** Status: Normal completion
--- Job mip.gms Stop 01/19/26 13:39:37 elapsed 0:03:01.983
