
--- Job mip.gms Start 02/02/26 16:47:03 50.4.1 84b10359 WEX-WEI x86 64bit/MS Windows
--- Applying:
    C:\GAMS\50\gmsprmNT.txt
--- GAMS Parameters defined
    Input C:\Users\freal\Desktop\HubSpokeNetworkDesign\8node_spain\mip.gms
    PageSize 0
    ScrDir C:\Users\freal\Desktop\HubSpokeNetworkDesign\8node_spain\225f\
    SysDir C:\GAMS\50\
    LogOption 3
    AppendLog 1
    ErrMsg 1
    ErrorLog 99
    IDE 1
    LstTitleLeftAligned 1
Licensee: Luis Cadarso Morga                             G250911+0003Ac-GEN
          University Rey Juan Carlos                                DCE4613
          225f\gamslice.dat
          node:23539203 mem:64 cores:8 ipport:58208 v:2                    
          Course license for use within the course and related course work
          The expiration date of time-limited license is Feb 08, 2026
System information: 8 physical cores and 64 Gb physical memory detected
GAMS 50.4.1   Copyright (C) 1987-2025 GAMS Development. All rights reserved
--- Starting compilation
--- mip.gms(2) 2 Mb
--- . param_definition.gms(19) 3 Mb
--- .. b.txt(640) 3 Mb
--- . param_definition.gms(25) 3 Mb
--- .. bord.txt(640) 3 Mb
--- . param_definition.gms(30) 3 Mb
--- .. lin_coef.txt(640) 3 Mb
--- . param_definition.gms(37) 3 Mb
--- .. demand.txt(64) 3 Mb
--- . param_definition.gms(43) 3 Mb
--- .. alt_utility.txt(64) 3 Mb
--- . param_definition.gms(49) 3 Mb
--- .. link_cost.txt(64) 3 Mb
--- . param_definition.gms(54) 3 Mb
--- .. link_capacity_slope.txt(64) 3 Mb
--- . param_definition.gms(59) 3 Mb
--- .. prices.txt(64) 3 Mb
--- . param_definition.gms(64) 3 Mb
--- .. op_link_cost.txt(64) 3 Mb
--- . param_definition.gms(69) 3 Mb
--- .. congestion_coefs_links.txt(64) 3 Mb
--- . param_definition.gms(79) 3 Mb
--- .. candidates.txt(64) 3 Mb
--- . param_definition.gms(84) 3 Mb
--- .. travel_time.txt(64) 3 Mb
--- . param_definition.gms(90) 3 Mb
--- .. station_cost.txt(8) 3 Mb
--- . param_definition.gms(95) 3 Mb
--- .. hub_cost.txt(8) 3 Mb
--- . param_definition.gms(100) 3 Mb
--- .. station_capacity_slope.txt(8) 3 Mb
--- . param_definition.gms(105) 3 Mb
--- .. congestion_coefs_stations.txt(8) 3 Mb
--- . param_definition.gms(111) 3 Mb
--- .. a_prev.txt(64) 3 Mb
--- . param_definition.gms(116) 3 Mb
--- .. s_prev.txt(8) 3 Mb
--- . param_definition.gms(133) 3 Mb
--- .. lam.txt(1) 3 Mb
--- . param_definition.gms(137) 3 Mb
--- .. alfa.txt(1) 3 Mb
--- . param_definition.gms(141) 3 Mb
--- .. beta.txt(1) 3 Mb
--- . param_definition.gms(145) 3 Mb
--- .. dm_pax.txt(1) 3 Mb
--- . param_definition.gms(149) 3 Mb
--- .. dm_op.txt(1) 3 Mb
--- . param_definition.gms(153) 3 Mb
--- .. budget.txt(1) 3 Mb
--- . param_definition.gms(158) 3 Mb
--- .. budget.txt(1) 3 Mb
--- . param_definition.gms(166) 3 Mb
--- mip.gms(289) 3 Mb
--- Starting execution: elapsed 0:00:00.016
--- mip.gms(2958) 4 Mb
--- Generating MIP model netdesign
--- mip.gms(2962) 9 Mb
---   16,038 rows  9,780 columns  55,603 non-zeroes
---   4,792 discrete-columns
--- Range statistics (absolute non-zero finite values)
--- RHS       [min, max] : [ 4.082E-02, 4.000E+08] - Zero values observed as well
--- Bound     [min, max] : [ 1.000E+00, 1.000E+00] - Zero values observed as well
--- Matrix    [min, max] : [ 8.000E-10, 2.731E+06]
--- Executing CPLEX (Solvelink=2): elapsed 0:00:00.048

IBM ILOG CPLEX   50.4.1 84b10359 Aug 28, 2025          WEI x86 64bit/MS Window

--- GAMS/CPLEX licensed for continuous and discrete problems.
--- GMO setup time: 0.00s
--- Space for names approximately 0.72 Mb
--- Use option 'names no' to turn use of names off
--- GMO memory 5.93 Mb (peak 6.01 Mb)
--- Dictionary memory 0.00 Mb
--- Cplex 22.1.2.0 link memory 0.37 Mb (peak 1.94 Mb)
--- Starting Cplex

Version identifier: 22.1.2.0 | 2024-11-25 | 0edbb82fd
CPXPARAM_Advance                                 0
CPXPARAM_Threads                                 16
CPXPARAM_Parallel                                1
CPXPARAM_MIP_Display                             4
CPXPARAM_MIP_Pool_Capacity                       0
CPXPARAM_TimeLimit                               600
CPXPARAM_MIP_Tolerances_AbsMIPGap                0
Generic callback                                 0x50
Tried aggregator 2 times.
MIP Presolve eliminated 7333 rows and 3328 columns.
MIP Presolve modified 3680 coefficients.
Aggregator did 160 substitutions.
Reduced MIP has 8544 rows, 6292 columns, and 34857 nonzeros.
Reduced MIP has 3300 binaries, 0 generals, 0 SOSs, and 0 indicators.
Presolve time = 0.02 sec. (37.55 ticks)
Found incumbent of value 0.001280 after 0.05 sec. (70.26 ticks)
Probing fixed 53 vars, tightened 55 bounds.
Probing time = 0.00 sec. (3.72 ticks)
Cover probing fixed 0 vars, tightened 2810 bounds.
Tried aggregator 1 time.
Detecting symmetries...
MIP Presolve eliminated 141 rows and 506 columns.
MIP Presolve modified 7571 coefficients.
Reduced MIP has 8403 rows, 5786 columns, and 33534 nonzeros.
Reduced MIP has 2879 binaries, 0 generals, 0 SOSs, and 0 indicators.
Presolve time = 0.02 sec. (29.70 ticks)
Probing fixed 0 vars, tightened 5 bounds.
Probing time = 0.00 sec. (5.39 ticks)
Clique table members: 5752.
MIP emphasis: balance optimality and feasibility.
MIP search method: dynamic search.
Parallel mode: deterministic, using up to 16 threads.
Parallel mode: deterministic, using up to 3 threads for parallel tasks at root LP.
Parallel mode: deterministic, using up to 13 threads for concurrent optimization:
 * Starting dual Simplex on 1 thread...
 * Starting Barrier on 11 threads...
 * Starting primal Simplex on 1 thread...
Tried aggregator 1 time.
No LP presolve or aggregator reductions.
Presolve time = 0.00 sec. (4.05 ticks)
Initializing dual steep norms . . .

Iteration log . . .
Iteration:     1   Dual objective     =     -38951270.963118
Perturbation started.
Iteration:   202   Dual objective     =     -38951270.963118
Iteration:   496   Dual objective     =     -38951270.963062
Iteration:   745   Dual objective     =     -36090356.760583
Iteration:   991   Dual objective     =     -34902896.272642
Iteration:  1217   Dual objective     =     -34179526.126316
Iteration:  1522   Dual objective     =     -34082362.092686
Removing perturbation.

Dual simplex solved model.

Root relaxation solution time = 0.03 sec. (39.00 ticks)

        Nodes                                         Cuts/
   Node  Left     Objective  IInf  Best Integer    Best Bound    ItCnt     Gap

*     0+    0                            0.0013  -3.89513e+07              --- 
Found incumbent of value 0.001280 after 0.14 sec. (173.23 ticks)
      0     0  -3.40824e+07   929        0.0013  -3.40824e+07     1673     --- 
*     0+    0                            0.0000  -3.40824e+07              --- 
Found incumbent of value 0.000000 after 0.72 sec. (1038.44 ticks)
      0     0  -3.34222e+07  1048        0.0000    Cuts: 1460     7624     --- 
      0     0  -2.94083e+07   876        0.0000     Cuts: 510    12360     --- 
      0     0  -2.75754e+07   882        0.0000     Cuts: 338    13186     --- 
      0     0  -2.67503e+07   909        0.0000     Cuts: 333    13708     --- 
      0     0  -2.59384e+07   926        0.0000     Cuts: 275    14212     --- 
Detecting symmetries...
      0     0  -2.56800e+07   933        0.0000     Cuts: 276    14559     --- 
      0     0  -2.50187e+07   918        0.0000     Cuts: 222    15068     --- 
      0     0  -2.48317e+07   915        0.0000     Cuts: 176    15359     --- 
      0     0  -2.46554e+07   949        0.0000     Cuts: 190    15597     --- 
      0     0  -2.46091e+07   957        0.0000     Cuts: 141    15754     --- 
      0     0  -2.44666e+07   976        0.0000     Cuts: 150    16012     --- 
      0     0  -2.43931e+07   987        0.0000     Cuts: 115    16216     --- 
      0     0  -2.43324e+07   993        0.0000     Cuts: 103    16411     --- 
      0     0  -2.43013e+07   996        0.0000      Cuts: 79    16528     --- 
      0     0  -2.42679e+07  1004        0.0000      Cuts: 90    16656     --- 
      0     0  -2.41483e+07  1002        0.0000      Cuts: 66    16769     --- 
      0     0  -2.41301e+07  1010        0.0000      Cuts: 58    16832     --- 
      0     0  -2.41254e+07  1009        0.0000      Cuts: 48    16871     --- 
      0     0  -2.40811e+07  1013        0.0000      Cuts: 33    16935     --- 
      0     0  -2.40513e+07  1011        0.0000      Cuts: 28    16991     --- 
      0     0  -2.38331e+07   993        0.0000      Cuts: 48    17269     --- 
      0     0  -2.37782e+07  1005        0.0000     Cuts: 104    17403     --- 
      0     0  -2.37325e+07  1017        0.0000      Cuts: 52    17524     --- 
      0     0  -2.37107e+07  1021        0.0000      Cuts: 44    17594     --- 
      0     0  -2.37027e+07  1025        0.0000      Cuts: 50    17655     --- 
      0     0  -2.37001e+07  1034        0.0000      Cuts: 36    17695     --- 
*     0+    0                      -531508.2573  -2.35758e+07              --- 
Found incumbent of value -531508.257270 after 3.11 sec. (3872.99 ticks)
      0     0  -2.35769e+07  1007  -531508.2573      Cuts: 37    17845     --- 
      0     0  -2.35390e+07  1017  -531508.2573     Cuts: 161    17985     --- 
      0     0  -2.35055e+07  1018  -531508.2573     Cuts: 126    18078     --- 
      0     0  -2.34690e+07  1021  -531508.2573     Cuts: 100    18155     --- 
      0     0  -2.34381e+07  1027  -531508.2573      Cuts: 35    18215     --- 
      0     0  -2.34060e+07  1020  -531508.2573      Cuts: 37    18301     --- 
      0     0  -2.33763e+07  1019  -531508.2573      Cuts: 16    18360     --- 
      0     0  -2.32886e+07   995  -531508.2573      Cuts: 48    18476     --- 
      0     0  -2.32646e+07   994  -531508.2573      Cuts: 40    18544     --- 
      0     0  -2.32596e+07   990  -531508.2573      Cuts: 26    18588     --- 
*     0+    0                      -531508.2624  -2.32596e+07              --- 
Found incumbent of value -531508.262404 after 4.19 sec. (5137.93 ticks)
Detecting symmetries...
      0     2  -2.32596e+07   986  -531508.2624  -2.32108e+07    18588     --- 
Elapsed time = 4.39 sec. (5332.08 ticks, tree = 0.02 MB)
    297   208  -1.58721e+07   835  -531508.2624  -2.26090e+07    31311     --- 
                                                  Impl Bds: 6                  
    868   687    infeasible        -531508.2624  -2.26090e+07    46104     --- 
   1641  1376 -8900452.8785   609  -531508.2624  -2.26090e+07    59867     --- 
   2412  1939 -8881641.4714   566  -531508.2624  -2.26090e+07    67227     --- 
   3311  2581 -5183133.9551   509  -531508.2624  -2.26090e+07    74803     --- 
   4271  3484 -2869221.2486   280  -531508.2624  -2.26090e+07    85233     --- 

Performing restart 1

Repeating presolve.
Tried aggregator 1 time.
MIP Presolve modified 1256 coefficients.
Reduced MIP has 8403 rows, 5786 columns, and 33514 nonzeros.
Reduced MIP has 2879 binaries, 0 generals, 0 SOSs, and 0 indicators.
Presolve time = 0.00 sec. (13.65 ticks)
Tried aggregator 1 time.
MIP Presolve modified 117 coefficients.
Reduced MIP has 8403 rows, 5786 columns, and 33514 nonzeros.
Reduced MIP has 2879 binaries, 0 generals, 0 SOSs, and 0 indicators.
Presolve time = 0.00 sec. (20.60 ticks)
Represolve time = 0.06 sec. (69.75 ticks)
Tried aggregator 1 time.
LP Presolve eliminated 13 rows and 0 columns.
Reduced LP has 9425 rows, 5786 columns, and 54545 nonzeros.
Presolve time = 0.00 sec. (6.84 ticks)
Initializing dual steep norms . . .

Iteration log . . .
Iteration:     1   Dual objective     =     -32292653.100338
Perturbation started.
Iteration:   202   Dual objective     =     -32292653.100338
Iteration:   450   Dual objective     =     -32283482.860955
Iteration:   723   Dual objective     =     -32055402.462848
Iteration:   998   Dual objective     =     -30278319.619824
Iteration:  1279   Dual objective     =     -29141824.866400
Iteration:  1453   Dual objective     =     -28965734.660073
Iteration:  1633   Dual objective     =     -27194007.562641
Iteration:  1817   Dual objective     =     -25876325.039886
Iteration:  1994   Dual objective     =     -25463467.860789
Iteration:  2132   Dual objective     =     -25014254.900608
Iteration:  2275   Dual objective     =     -24557905.024273
Iteration:  2450   Dual objective     =     -23798937.176879
Iteration:  2681   Dual objective     =     -23199548.218733
Iteration:  2855   Dual objective     =     -22862091.821251
Iteration:  3046   Dual objective     =     -22179047.926061
Iteration:  3209   Dual objective     =     -21746580.510420
Iteration:  3438   Dual objective     =     -21107228.590546
Iteration:  3656   Dual objective     =     -20695603.031728
Iteration:  3875   Dual objective     =     -20414257.583923
Iteration:  4150   Dual objective     =     -20165997.243397
Iteration:  4426   Dual objective     =     -20032116.698785
Removing perturbation.
Initializing dual steep norms . . .
   4380     0  -1.94136e+07   923  -531508.2624     Cuts: 310    97816     --- 
   4380     0  -1.89658e+07   934  -531508.2624     Cuts: 269    98666     --- 
   4380     0  -1.87754e+07   947  -531508.2624     Cuts: 294    99236     --- 
   4380     0  -1.85885e+07   957  -531508.2624     Cuts: 261    99915     --- 
   4380     0  -1.84402e+07   979  -531508.2624     Cuts: 263   100490     --- 
   4380     0  -1.82756e+07   992  -531508.2624     Cuts: 286   101417     --- 
   4380     0  -1.81141e+07   995  -531508.2624     Cuts: 247   102014     --- 
   4380     0  -1.79849e+07  1003  -531508.2624     Cuts: 244   102541     --- 
   4380     0  -1.77768e+07  1029  -531508.2624     Cuts: 256   103009     --- 
   4380     0  -1.76919e+07  1023  -531508.2624     Cuts: 231   103431     --- 
   4380     0  -1.76156e+07  1038  -531508.2624     Cuts: 186   103710     --- 
   4380     0  -1.75473e+07  1038  -531508.2624     Cuts: 167   103983     --- 
   4380     0  -1.75175e+07  1043  -531508.2624     Cuts: 181   104230     --- 
   4380     0  -1.74608e+07  1053  -531508.2624     Cuts: 167   104444     --- 
   4380     0  -1.74267e+07  1054  -531508.2624     Cuts: 133   104596     --- 
   4380     0  -1.74030e+07  1057  -531508.2624     Cuts: 139   104735     --- 
   4380     0  -1.73693e+07  1047  -531508.2624     Cuts: 113   104876     --- 
   4380     0  -1.73370e+07  1039  -531508.2624      Cuts: 74   105004     --- 
   4380     0  -1.73302e+07  1042  -531508.2624      Cuts: 84   105093     --- 
   4380     0  -1.73111e+07  1048  -531508.2624      Cuts: 75   105213     --- 
   4380     0  -1.72994e+07  1050  -531508.2624      Cuts: 62   105312     --- 
   4380     0  -1.72787e+07  1048  -531508.2624      Cuts: 72   105422     --- 
   4380     0  -1.72708e+07  1049  -531508.2624      Cuts: 54   105492     --- 
   4380     0  -1.72634e+07  1040  -531508.2624      Cuts: 52   105561     --- 
   4380     0  -1.72589e+07  1037  -531508.2624      Cuts: 52   105604     --- 
   4380     0  -1.72013e+07  1014  -531508.2624      Cuts: 31   105724     --- 
   4380     0  -1.71769e+07  1025  -531508.2624      Cuts: 56   105800     --- 
   4380     0  -1.71557e+07  1025  -531508.2624      Cuts: 34   105843     --- 
   4380     0  -1.71523e+07  1025  -531508.2624      Cuts: 28   105864     --- 
   4380     0  -1.71478e+07  1023  -531508.2624      Cuts: 22   105899     --- 
   4380     0  -1.71434e+07  1031  -531508.2624      Cuts: 22   105934     --- 
   4380     0  -1.71320e+07  1030  -531508.2624      Cuts: 22   105980     --- 
   4380     0  -1.71211e+07  1033  -531508.2624      Cuts: 26   106014     --- 
   4380     0  -1.71142e+07  1034  -531508.2624   MIRcuts: 20   106053     --- 
   4380     0  -1.71099e+07  1028  -531508.2624      Cuts: 17   106076     --- 
   4380     0  -1.71031e+07  1031  -531508.2624      Cuts: 11   106097     --- 
   4380     0  -1.71012e+07  1032  -531508.2624    MIRcuts: 6   106101     --- 
*  4380+    0                      -723129.9648  -1.71012e+07              --- 
Found incumbent of value -723129.964793 after 17.47 sec. (17861.09 ticks)
   4380     0  -1.70933e+07  1003  -723129.9648      Cuts: 16   106136     --- 
   4380     0  -1.70914e+07  1006  -723129.9648      Cuts: 50   106205     --- 
   4380     0  -1.70849e+07   991  -723129.9648      Cuts: 22   106254     --- 
   4380     0  -1.70811e+07  1008  -723129.9648      Cuts: 50   106338     --- 
   4380     0  -1.70791e+07  1003  -723129.9648      Cuts: 19   106381     --- 
*  4380+    0                      -723129.9657  -1.70791e+07              --- 
Found incumbent of value -723129.965697 after 19.31 sec. (19921.20 ticks)
   4380     2  -1.70791e+07   993  -723129.9657  -1.70791e+07   106381     --- 
   4383     5  -1.69119e+07   972  -723129.9657  -1.69106e+07   106448     --- 
*  4400+    2                      -723129.9680  -1.66673e+07              --- 
Found incumbent of value -723129.967969 after 20.72 sec. (20833.47 ticks)
   4400     4  -1.64112e+07   962  -723129.9680  -1.66673e+07   106467     --- 
*  4403+    4                      -723129.9689  -1.66673e+07              --- 
                                                     Cuts: 29                  
Found incumbent of value -723129.968868 after 20.78 sec. (20868.24 ticks)
   5343   757 -9155672.9928   706  -723129.9689  -1.64112e+07   141489     --- 
                                                      Cuts: 5                  
Elapsed time = 22.73 sec. (21793.19 ticks, tree = 1.42 MB)
   7864  2868 -4432411.8979   484  -723129.9689  -1.64112e+07   186673     --- 
  10550  5590 -1325890.9249   225  -723129.9689  -1.64112e+07   207948     --- 
  13504  8140 -5548533.9372   575  -723129.9689  -1.64112e+07   257527     --- 
                                                     Cuts: 10                  
* 16321+10360                      -723129.9691  -1.61478e+07              --- 
Found incumbent of value -723129.969111 after 30.06 sec. (25294.16 ticks)
* 16501+10594                      -723129.9699  -1.61478e+07              --- 
Found incumbent of value -723129.969866 after 30.16 sec. (25331.99 ticks)
  17673 11893  -974018.3865   158  -723129.9699  -1.61478e+07   300747     --- 
* 18308+12279                      -723129.9703  -1.61478e+07              --- 
                                                     Cuts: 50                  
Found incumbent of value -723129.970268 after 31.06 sec. (25799.27 ticks)
* 18586+12738                      -723129.9706  -1.61478e+07              --- 
                                                  MIRcuts: 15                  
Found incumbent of value -723129.970590 after 31.20 sec. (25892.96 ticks)
* 18948+13060                      -894684.5036  -1.61478e+07              --- 
                                                     Cuts: 14                  
Found incumbent of value -894684.503607 after 31.52 sec. (26070.54 ticks)
* 18956+13060                      -898038.3961  -1.61478e+07              --- 
Found incumbent of value -898038.396071 after 31.52 sec. (26076.33 ticks)
* 19337+12677                      -898038.3962  -1.61478e+07              --- 
                                                     Cuts: 16                  
Found incumbent of value -898038.396165 after 31.73 sec. (26233.68 ticks)
* 19695+12943                      -906714.4326  -1.61478e+07              --- 
                                                      Cuts: 3                  
Found incumbent of value -906714.432633 after 32.05 sec. (26406.08 ticks)
  20003 13076 -8422701.7915   687  -906714.4326  -1.58502e+07   339363     --- 
* 20606+13970                     -1318855.4356  -1.55429e+07              --- 
Found incumbent of value -1318855.435599 after 33.20 sec. (26967.04 ticks)
* 20641+13970                     -1318855.4366  -1.55429e+07              --- 
Found incumbent of value -1318855.436585 after 33.22 sec. (26976.68 ticks)
* 20829+13976                     -1552151.1759  -1.55429e+07           901.38%
Found incumbent of value -1552151.175902 after 33.31 sec. (27039.82 ticks)
* 21398+12305                     -1871688.2755  -1.55429e+07           730.42%
Found incumbent of value -1871688.275483 after 33.59 sec. (27183.92 ticks)
* 21435+12305                     -1871688.2765  -1.55429e+07           730.42%
Found incumbent of value -1871688.276469 after 33.61 sec. (27193.58 ticks)
* 21465+12305                     -1964292.1775  -1.55429e+07           691.27%
Found incumbent of value -1964292.177495 after 33.62 sec. (27200.97 ticks)
* 21673+12501                     -1964292.1775  -1.55429e+07           691.27%
Found incumbent of value -1964292.177496 after 33.70 sec. (27257.87 ticks)
  22772 12717 -6524552.2279   634 -1964292.1775  -1.53795e+07   406796  682.95%
* 24421+13264                     -1964292.1902  -1.53786e+07           682.91%
Found incumbent of value -1964292.190155 after 34.86 sec. (27821.06 ticks)
* 24744+13583                     -1964292.1904  -1.53612e+07           682.02%
Found incumbent of value -1964292.190408 after 35.02 sec. (27905.04 ticks)
  25912 15727 -9799389.7928   733 -1964292.1904  -1.52800e+07   454567  677.89%
                                                      Cuts: 4                  
* 26982+16162                     -1964292.1928  -1.52721e+07           677.49%
                                                     Cuts: 35                  
Found incumbent of value -1964292.192840 after 36.66 sec. (28704.73 ticks)
  30005 19189 -7862662.3023   690 -1964292.1928  -1.51613e+07   506277  671.85%
                                                  MIRcuts: 48                  
* 32175+21483                     -1964292.1934  -1.51257e+07           670.04%
Found incumbent of value -1964292.193437 after 39.47 sec. (30183.50 ticks)
* 32982+21694                     -1964292.1935  -1.51025e+07           668.85%
Found incumbent of value -1964292.193468 after 39.81 sec. (30338.67 ticks)
  33177 22399  -1.20018e+07   871 -1964292.1935  -1.51025e+07   565017  668.85%
* 33812+23102                     -2096955.0725  -1.50914e+07           619.68%
                                                      Cuts: 9                  
Found incumbent of value -2096955.072549 after 40.30 sec. (30579.85 ticks)
* 33837+23096                     -2189558.9736  -1.50914e+07           589.24%
Found incumbent of value -2189558.973576 after 40.31 sec. (30587.72 ticks)
* 35015+23955                     -2189558.9851  -1.50783e+07           588.65%
Found incumbent of value -2189558.985145 after 41.09 sec. (30975.35 ticks)
* 35160+23559                     -2291930.6723  -1.50783e+07           557.89%
Found incumbent of value -2291930.672274 after 41.23 sec. (31040.86 ticks)
* 35297+24087                     -2291930.6723  -1.50765e+07           557.81%
Found incumbent of value -2291930.672275 after 41.42 sec. (31108.39 ticks)
  35453 24580 -7389478.2192   665 -2291930.6723  -1.50424e+07   626460  556.32%
Elapsed time = 42.05 sec. (31334.81 ticks, tree = 73.98 MB)
* 35917+24620                     -2291930.6762  -1.50424e+07           556.32%
Found incumbent of value -2291930.676236 after 42.47 sec. (31511.71 ticks)
* 36724+24650                     -2304692.7573  -1.50414e+07           552.64%
Found incumbent of value -2304692.757303 after 42.84 sec. (31682.58 ticks)
* 37960+25837                     -2304692.7736  -1.50414e+07           552.64%
Found incumbent of value -2304692.773624 after 43.42 sec. (31997.05 ticks)
  39496 27131 -4063734.7687   519 -2304692.7736  -1.50028e+07   671482  550.97%
                                                  MIRcuts: 20                  
  43233 31674 -7062528.0011   677 -2304692.7736  -1.49605e+07   739830  549.13%
* 43748+31987                     -2304692.7747  -1.49605e+07           549.13%
Found incumbent of value -2304692.774737 after 46.06 sec. (33399.16 ticks)
  45955 34349 -6180121.6355   599 -2304692.7747  -1.49473e+07   781254  548.56%
  47875 35973  -1.22447e+07   841 -2304692.7747  -1.49439e+07   811166  548.41%
  51581 39440 -3705197.4711   405 -2304692.7747  -1.48910e+07   876060  546.12%
  55744 43463 -3455121.6467   353 -2304692.7747  -1.48588e+07   948401  544.72%
  60085 46003 -3698429.4827   513 -2304692.7747  -1.48183e+07   990877  542.96%
  62300 49790 -8495471.3474   761 -2304692.7747  -1.47890e+07  1051582  541.69%
* 64959+51253                     -2304692.7762  -1.47766e+07           541.15%
                                                  MIRcuts: 14                  
Found incumbent of value -2304692.776197 after 58.19 sec. (39517.83 ticks)
  66926 52600 -4343313.9026   533 -2304692.7762  -1.47680e+07  1098934  540.78%
* 69540+55906                     -2491261.3605  -1.47578e+07           492.38%
Found incumbent of value -2491261.360476 after 60.38 sec. (40531.96 ticks)
  70827 56595  -1.32963e+07   890 -2491261.3605  -1.47440e+07  1183988  491.83%
Elapsed time = 61.12 sec. (40878.65 ticks, tree = 172.29 MB)
* 71938+57227                     -2491261.3691  -1.47318e+07           491.34%
Found incumbent of value -2491261.369128 after 61.81 sec. (41191.02 ticks)
  74880 60172 -8406791.4771   714 -2491261.3691  -1.47181e+07  1256216  490.79%
                                                     Cuts: 15                  
* 76664+59570                     -2491261.3764  -1.47046e+07           490.25%
                                                      Cuts: 3                  
Found incumbent of value -2491261.376357 after 63.83 sec. (42144.12 ticks)
  79850 63248 -3236273.1169   533 -2491261.3764  -1.46845e+07  1305348  489.44%
  84026 66742  -1.16108e+07   829 -2491261.3764  -1.46539e+07  1351959  488.21%
* 84762+68899                     -2882803.8207  -1.46462e+07           408.05%
Found incumbent of value -2882803.820651 after 67.73 sec. (43964.97 ticks)
* 85376+69717                     -2941915.7411  -1.46378e+07           397.56%
Found incumbent of value -2941915.741132 after 68.17 sec. (44202.58 ticks)
  86530 67868 -8005561.9547   733 -2941915.7411  -1.46378e+07  1432057  397.56%
  90343 71454 -6382756.9025   653 -2941915.7411  -1.46190e+07  1496282  396.92%
                                                      Cuts: 4                  
  95575 73204 -4520005.5826   581 -2941915.7411  -1.45981e+07  1522543  396.21%
* 95657+72575                     -2941915.7462  -1.45981e+07           396.21%
Found incumbent of value -2941915.746223 after 73.56 sec. (46619.05 ticks)
 100023 80857  -1.34862e+07   886 -2941915.7462  -1.45819e+07  1651939  395.66%
 104569 84131  -1.34724e+07   923 -2941915.7462  -1.45681e+07  1701196  395.19%
*104936+81658                     -2959080.3733  -1.45681e+07           392.32%
Found incumbent of value -2959080.373263 after 77.80 sec. (48585.53 ticks)
*104991+81646                     -3176327.7680  -1.45681e+07           358.64%
Found incumbent of value -3176327.768046 after 77.81 sec. (48594.48 ticks)
*105208+81636                     -3333458.1993  -1.45643e+07           336.91%
Found incumbent of value -3333458.199290 after 77.89 sec. (48635.53 ticks)
 109727 84219  -1.10645e+07   853 -3333458.1993  -1.45489e+07  1795939  336.45%
*111545+84832                     -3333458.2004  -1.45482e+07           336.43%
Found incumbent of value -3333458.200367 after 80.44 sec. (49819.29 ticks)
*114063+86392                     -3333458.2020  -1.45408e+07           336.21%
Found incumbent of value -3333458.202021 after 81.64 sec. (50370.22 ticks)
 114236 87818 -3934408.9137   569 -3333458.2020  -1.45408e+07  1854315  336.21%
Elapsed time = 81.72 sec. (50416.93 ticks, tree = 269.39 MB)
 117513 90347 -3566835.3547   522 -3333458.2020  -1.45256e+07  1900512  335.75%
 120575 93596  -1.11406e+07   847 -3333458.2020  -1.44998e+07  1956579  334.98%
                                                     Cuts: 19                  
 125233 98508 -5791726.5826   588 -3333458.2020  -1.44815e+07  2044136  334.43%
                                                  MIRcuts: 12                  
 129729 103078  -1.20520e+07   864 -3333458.2020  -1.44664e+07  2124207  333.98%
 134383 107282 -6647953.9521   636 -3333458.2020  -1.44545e+07  2194364  333.62%
 139321 111253 -3584860.2130   476 -3333458.2020  -1.44359e+07  2254283  333.06%
 144437 116828 -3536638.0116   503 -3333458.2020  -1.44210e+07  2343505  332.61%
 147836 120734 -3699973.8021   504 -3333458.2020  -1.44169e+07  2406849  332.49%
 151094 124290 -3798087.9642   481 -3333458.2020  -1.44118e+07  2463966  332.34%
 155848 127609 -4168012.9998   545 -3333458.2020  -1.44000e+07  2515877  331.99%
Elapsed time = 101.97 sec. (59955.25 ticks, tree = 392.15 MB)
*160072+131521                     -3333458.2026  -1.43864e+07           331.57%
Found incumbent of value -3333458.202607 after 103.78 sec. (60804.34 ticks)
 160604 132700 -3414216.8603   494 -3333458.2026  -1.43851e+07  2602087  331.54%
 165442 137525 -3459744.4593   517 -3333458.2026  -1.43750e+07  2683388  331.23%
 170029 140305 -3848612.2286   508 -3333458.2026  -1.43646e+07  2726448  330.92%
 174874 146151 -8296245.1037   751 -3333458.2026  -1.43540e+07  2820128  330.60%
 179609 150884 -5727065.5816   605 -3333458.2026  -1.43480e+07  2898724  330.42%
*180688+150754                     -3333458.2042  -1.43438e+07           330.30%
Found incumbent of value -3333458.204189 after 112.94 sec. (65033.11 ticks)
*183051+154889                     -3333458.2071  -1.43361e+07           330.07%
Found incumbent of value -3333458.207148 after 114.03 sec. (65651.16 ticks)
 183205 153969  -1.09472e+07   836 -3333458.2071  -1.43361e+07  2950633  330.07%
 187179 159017 -3581620.8868   420 -3333458.2071  -1.43248e+07  3026059  329.73%
                                                  MIRcuts: 11                  
 190891 161076 -6780599.4053   655 -3333458.2071  -1.43150e+07  3065255  329.43%
 195966 164716  -1.14191e+07   842 -3333458.2071  -1.43060e+07  3121046  329.16%
 201223 171380 -3645583.0221   507 -3333458.2071  -1.42885e+07  3223572  328.64%
Elapsed time = 122.41 sec. (69494.38 ticks, tree = 531.49 MB)
 205912 174968 -3465040.9073   450 -3333458.2071  -1.42750e+07  3270811  328.23%
 211057 181971  -1.10615e+07   835 -3333458.2071  -1.42682e+07  3380408  328.03%
 215808 184567 -5405889.4088   582 -3333458.2071  -1.42547e+07  3419584  327.63%
                                                     Cuts: 24                  
 219538 190788 -6650961.4347   649 -3333458.2071  -1.42495e+07  3512190  327.47%
 224229 193566 -3479725.2339   461 -3333458.2071  -1.42371e+07  3556186  327.10%
 228792 197071 -8915220.5290   827 -3333458.2071  -1.42248e+07  3617084  326.73%
 232202 202180  -1.27587e+07   900 -3333458.2071  -1.42171e+07  3698187  326.50%
 237259 207016 -4132998.1900   513 -3333458.2071  -1.42107e+07  3771240  326.31%
 242003 210423 -4285777.6670   543 -3333458.2071  -1.42022e+07  3820759  326.05%
 247301 214652 -3609575.2159   500 -3333458.2071  -1.41942e+07  3890050  325.81%
Elapsed time = 143.11 sec. (79032.96 ticks, tree = 666.71 MB)
 251922 221178 -9950689.6395   817 -3333458.2071  -1.41865e+07  3989837  325.58%
 255642 225536  -1.32729e+07   904 -3333458.2071  -1.41788e+07  4059950  325.35%
 260467 227550 -3357347.3540   481 -3333458.2071  -1.41692e+07  4091489  325.06%
 265318 232228 -5480658.4517   599 -3333458.2071  -1.41666e+07  4167122  324.98%
 270519 237800  -1.26394e+07   859 -3333458.2071  -1.41520e+07  4253829  324.54%
 275323 244563  -1.09961e+07   839 -3333458.2071  -1.41488e+07  4363707  324.45%
 279677 247297 -6562863.3997   642 -3333458.2071  -1.41391e+07  4406668  324.16%
 283972 251565 -9224176.5369   776 -3333458.2071  -1.41357e+07  4466360  324.06%
 287448 257032 -8502700.3098   787 -3333458.2071  -1.41293e+07  4558670  323.86%
 292204 260269 -4328409.5411   515 -3333458.2071  -1.41245e+07  4614596  323.72%
Elapsed time = 163.52 sec. (88572.85 ticks, tree = 809.47 MB)
 297134 264539 -5009354.8909   606 -3333458.2071  -1.41190e+07  4687589  323.55%
 301626 269384        cutoff       -3333458.2071  -1.41127e+07  4765367  323.37%
 306516 273589 -3338374.3959   479 -3333458.2071  -1.41053e+07  4833917  323.14%
 311624 276649 -5588675.5507   618 -3333458.2071  -1.40961e+07  4882905  322.87%
 316273 281936 -6667163.1227   650 -3333458.2071  -1.40874e+07  4967824  322.61%
 321482 286831 -6574319.9279   616 -3333458.2071  -1.40812e+07  5051463  322.42%
 326601 293618 -5729777.8751   624 -3333458.2071  -1.40736e+07  5154933  322.19%
 329864 296310 -4223359.7797   516 -3333458.2071  -1.40676e+07  5198480  322.01%
 333395 299798 -5359980.8805   570 -3333458.2071  -1.40651e+07  5257748  321.94%
 338609 304059 -3931840.2849   528 -3333458.2071  -1.40577e+07  5324913  321.71%
Elapsed time = 184.39 sec. (98111.89 ticks, tree = 947.26 MB)
 343413 308525 -4238789.5025   530 -3333458.2071  -1.40531e+07  5392091  321.58%
 348812 312528 -4488231.8940   554 -3333458.2071  -1.40429e+07  5456669  321.27%
 353559 318148 -6303166.3295   629 -3333458.2071  -1.40385e+07  5544605  321.14%
 358055 322085 -4520438.9374   630 -3333458.2071  -1.40324e+07  5609224  320.96%
 362962 327889 -9039596.2213   779 -3333458.2071  -1.40306e+07  5704387  320.90%
 366564 332473  -1.24400e+07   875 -3333458.2071  -1.40187e+07  5774991  320.55%
 371368 336688 -8509516.8077   783 -3333458.2071  -1.40145e+07  5842063  320.42%
                                                      Cuts: 8                  
 376516 341921 -4105717.0374   528 -3333458.2071  -1.40111e+07  5929220  320.32%
 381268 346543 -8764047.8388   762 -3333458.2071  -1.40050e+07  6002747  320.13%
 400146 363552 -4087075.6710   542 -3333458.2071  -1.39801e+07  6268180  319.39%
Elapsed time = 211.70 sec. (110511.25 ticks, tree = 1133.66 MB)
 417971 381134 -5101986.2750   615 -3333458.2071  -1.39580e+07  6564891  318.72%
 438092 400582 -4893079.7513   580 -3333458.2071  -1.39357e+07  6875704  318.05%
                                                      Cuts: 3                  
 455249 416945  -1.17738e+07   860 -3333458.2071  -1.39105e+07  7140298  317.30%
 474368 435709 -3961511.3153   510 -3333458.2071  -1.38881e+07  7451017  316.63%
                                                      Cuts: 7                  
 492943 455252 -4255026.1795   516 -3333458.2071  -1.38721e+07  7771359  316.15%
                                                     Cuts: 23                  
 511261 472195 -5849815.6197   619 -3333458.2071  -1.38524e+07  8049261  315.56%
 530584 490178 -4015538.8143   504 -3333458.2071  -1.38356e+07  8346582  315.05%
*542254+499940                     -3737855.0600  -1.38248e+07           269.86%
Found incumbent of value -3737855.059958 after 277.66 sec. (139767.98 ticks)
*545153+436960                     -3737855.0798  -1.38231e+07           269.81%
Found incumbent of value -3737855.079792 after 279.09 sec. (140364.61 ticks)
 548141 441167  -1.09645e+07   796 -3737855.0798  -1.38213e+07  8654633  269.77%
*553691+444585                     -3737855.0825  -1.38162e+07           269.63%
Found incumbent of value -3737855.082547 after 283.12 sec. (142118.77 ticks)
 566062 457965 -4246777.8786   533 -3737855.0825  -1.37999e+07  8947988  269.19%
 583714 475193 -5183524.9336   588 -3737855.0825  -1.37832e+07  9257161  268.75%
                                                   MIRcuts: 3                  
Elapsed time = 298.00 sec. (148659.71 ticks, tree = 1480.59 MB)
*601964+489723                     -3737855.0838  -1.37657e+07           268.28%
                                                  MIRcuts: 21                  
Found incumbent of value -3737855.083789 after 306.67 sec. (152331.12 ticks)
 602685 492920 -4607955.5426   546 -3737855.0838  -1.37651e+07  9572218  268.26%
 620218 508788 -5383842.4528   611 -3737855.0838  -1.37432e+07  9855834  267.68%
                                                  MIRcuts: 22                  
 636991 524297 -9626109.8314   793 -3737855.0838  -1.37277e+07 10137066  267.26%
                                                  MIRcuts: 22                  
 655486 542691 -9355311.6602   795 -3737855.0838  -1.37121e+07 10473276  266.84%
 672749 560127  -1.27106e+07   910 -3737855.0838  -1.36943e+07 10800856  266.37%
*681447+567232                     -3737855.0854  -1.36883e+07           266.21%
Found incumbent of value -3737855.085449 after 347.14 sec. (169518.52 ticks)
 690392 578252 -6095235.2414   639 -3737855.0854  -1.36818e+07 11120630  266.03%
 708684 594187  -1.07169e+07   840 -3737855.0854  -1.36671e+07 11406538  265.64%
 726343 609044 -6182210.7745   621 -3737855.0854  -1.36546e+07 11681706  265.31%
 745817 628144 -6736083.6048   637 -3737855.0854  -1.36419e+07 12013253  264.97%
 761912 644475 -3834643.0929   501 -3737855.0854  -1.36282e+07 12314600  264.60%
Elapsed time = 390.94 sec. (186809.41 ticks, tree = 2008.09 MB)
 780890 664177 -4748032.1984   525 -3737855.0854  -1.36108e+07 12663785  264.13%
 800199 679037 -4398705.9954   567 -3737855.0854  -1.35937e+07 12925796  263.68%
 817324 696183 -3859197.4148   501 -3737855.0854  -1.35805e+07 13223548  263.32%
 834393 713182 -3852422.1452   543 -3737855.0854  -1.35652e+07 13524595  262.91%
 852834 730762 -7511773.8706   709 -3737855.0854  -1.35486e+07 13842331  262.47%
 870086 748366 -6393433.4121   628 -3737855.0854  -1.35365e+07 14156651  262.15%
 889253 768760 -5232337.7586   595 -3737855.0854  -1.35251e+07 14507770  261.84%
 906962 785708 -7657240.0238   754 -3737855.0854  -1.35126e+07 14802859  261.51%
 924486 801812 -6769942.7704   643 -3737855.0854  -1.35042e+07 15080130  261.28%
 943401 819644 -3757256.7344   496 -3737855.0854  -1.34907e+07 15381983  260.92%
Elapsed time = 493.84 sec. (224957.67 ticks, tree = 2547.58 MB)
Nodefile size = 499.18 MB (233.35 MB after compression)
 960327 833713 -7109673.6512   690 -3737855.0854  -1.34806e+07 15635527  260.65%
 979708 852790 -7421503.2143   692 -3737855.0854  -1.34699e+07 15954386  260.37%
 996991 871350 -4548111.6416   546 -3737855.0854  -1.34584e+07 16269326  260.06%
 1015176 888393 -5976472.5339   598 -3737855.0854  -1.34493e+07 16560183  259.81%
Starting limited solution polishing.
 1025934 900819 -4629508.2312   585 -3737855.0854  -1.34442e+07 16779762  259.68%
 1031673 907030 -9302796.9818   803 -3737855.0854  -1.34408e+07 16872782  259.59%
 1037872 911984 -7033505.9652   667 -3737855.0854  -1.34385e+07 16959287  259.52%
 1043509 918855 -4907888.9464   582 -3737855.0854  -1.34349e+07 17072046  259.43%
 1048860 923138 -5999494.4357   615 -3737855.0854  -1.34310e+07 17151958  259.32%

GUB cover cuts applied:  81
Clique cuts applied:  11
Cover cuts applied:  19
Implied bound cuts applied:  35
Flow cuts applied:  81
Mixed integer rounding cuts applied:  805
Zero-half cuts applied:  60
Lift and project cuts applied:  64
Gomory fractional cuts applied:  52

Root node processing (before b&c):
  Real time             =    4.36 sec. (5315.37 ticks)
Parallel b&c, 16 threads:
  Real time             =  597.31 sec. (261516.16 ticks)
  Sync time (average)   =  121.93 sec.
  Wait time (average)   =    0.05 sec.
                          ------------
Total (root+branch&cut) =  601.67 sec. (266831.53 ticks)

--- MIP status (107): time limit exceeded.
--- Cplex Time: 601.69sec (det. 266831.56 ticks)

--- Returning a primal only solution to GAMS (marginals all set to NA).
--- Fixing integer variables and solving final LP...

Version identifier: 22.1.2.0 | 2024-11-25 | 0edbb82fd
CPXPARAM_Advance                                 2
CPXPARAM_Threads                                 16
CPXPARAM_Parallel                                1
CPXPARAM_MIP_Display                             4
CPXPARAM_MIP_Pool_Capacity                       0
CPXPARAM_TimeLimit                               600
CPXPARAM_MIP_Tolerances_AbsMIPGap                0
Parallel mode: deterministic, using up to 16 threads for concurrent optimization:
 * Starting dual Simplex on 1 thread...
 * Starting Barrier on 14 threads...
 * Starting primal Simplex on 1 thread...
Tried aggregator 1 time.
LP Presolve eliminated 15783 rows and 9534 columns.
Aggregator did 144 substitutions.
Reduced LP has 110 rows, 102 columns, and 441 nonzeros.
Presolve time = 0.05 sec. (8.75 ticks)

Iteration log . . .
Iteration:     1   Scaled dual infeas =         58327.473728
Iteration:     9   Dual objective     =     -14928748.858684
Iteration:    63   Dual objective     =      -3737855.049095

Dual simplex solved model.


--- Fixed MIP status (1): optimal.
--- Cplex Time: 0.09sec (det. 16.47 ticks)


Resource limit exceeded
MIP Solution:     -3737855.085449    (1.72285e+07 iterations, 1.05138e+06 nodes)
Final Solve:      -3737855.048726    (66 iterations)

Best possible:   -13428476.197168
Absolute gap:      9690621.148441
Relative gap:            0.721647

--- Reading solution for model netdesign
--- Executing after solve: elapsed 0:10:03.465
--- mip.gms(2981) 9 Mb
--- GDX File (execute_unload) C:\Users\freal\Desktop\HubSpokeNetworkDesign\8node_spain\resultado.gdx
--- mip.gms(2990) 11 Mb
--- Initialize embedded library embconnectcclib64.dll
--- Execute embedded library embconnectcclib64.dll
--- mip.gms(3003) 11 Mb
--- Initialize embedded library embconnectcclib64.dll
--- Execute embedded library embconnectcclib64.dll
--- mip.gms(3016) 13 Mb
--- Initialize embedded library embconnectcclib64.dll
--- Execute embedded library embconnectcclib64.dll
--- Putfile fijx C:\Users\freal\Desktop\HubSpokeNetworkDesign\8node_spain\fij_long.csv
*** Status: Normal completion
--- Job mip.gms Stop 02/02/26 16:57:07 elapsed 0:10:04.250
