
--- Job param_definition.gms Start 01/19/26 17:15:05 50.4.1 84b10359 WEX-WEI x86 64bit/MS Windows
--- Applying:
    C:\GAMS\50\gmsprmNT.txt
--- GAMS Parameters defined
    Input C:\Users\freal\Desktop\HubSpokeNetworkDesign\8node_spain\param_definition.gms
    PageSize 0
    ScrDir C:\Users\freal\Desktop\HubSpokeNetworkDesign\8node_spain\225g\
    SysDir C:\GAMS\50\
    LogOption 3
    AppendLog 1
    ErrMsg 1
    ErrorLog 99
    IDE 1
    LstTitleLeftAligned 1
Licensee: Luis Cadarso Morga                             G250911+0003Ac-GEN
          University Rey Juan Carlos                                DCE4613
          225g\gamslice.dat
          node:23539203 mem:64 cores:8 ipport:52096 v:2                    
          Course license for use within the course and related course work
          The expiration date of time-limited license is Feb 08, 2026
System information: 8 physical cores and 64 Gb physical memory detected
GAMS 50.4.1   Copyright (C) 1987-2025 GAMS Development. All rights reserved
--- Starting compilation
--- param_definition.gms(19) 3 Mb
--- . b.txt(640) 3 Mb
--- param_definition.gms(25) 3 Mb
--- . bord.txt(640) 3 Mb
--- param_definition.gms(30) 3 Mb
--- . lin_coef.txt(640) 3 Mb
--- param_definition.gms(37) 3 Mb
--- . demand.txt(64) 3 Mb
--- param_definition.gms(43) 3 Mb
--- . alt_time.txt(64) 3 Mb
--- param_definition.gms(49) 3 Mb
--- . alt_price.txt(64) 3 Mb
--- param_definition.gms(55) 3 Mb
--- . link_cost.txt(64) 3 Mb
--- param_definition.gms(60) 3 Mb
--- . link_capacity_slope.txt(64) 3 Mb
--- param_definition.gms(65) 3 Mb
--- . prices.txt(64) 3 Mb
--- param_definition.gms(70) 3 Mb
--- . op_link_cost.txt(64) 3 Mb
--- param_definition.gms(75) 3 Mb
--- . congestion_coefs_links.txt(64) 3 Mb
--- param_definition.gms(85) 3 Mb
--- . candidates.txt(64) 3 Mb
--- param_definition.gms(90) 3 Mb
--- . travel_time.txt(64) 3 Mb
--- param_definition.gms(96) 3 Mb
--- . station_cost.txt(8) 3 Mb
--- param_definition.gms(101) 3 Mb
--- . hub_cost.txt(8) 3 Mb
--- param_definition.gms(106) 3 Mb
--- . station_capacity_slope.txt(8) 3 Mb
--- param_definition.gms(111) 3 Mb
--- . congestion_coefs_stations.txt(8) 3 Mb
--- param_definition.gms(117) 3 Mb
--- . a_prev.txt(64) 3 Mb
--- param_definition.gms(122) 3 Mb
--- . s_prev.txt(8) 3 Mb
--- param_definition.gms(138) 3 Mb
--- . lam.txt(1) 3 Mb
--- param_definition.gms(142) 3 Mb
--- . alfa.txt(1) 3 Mb
--- param_definition.gms(146) 3 Mb
--- . beta.txt(1) 3 Mb
--- param_definition.gms(150) 3 Mb
--- . dm_pax.txt(1) 3 Mb
--- param_definition.gms(154) 3 Mb
--- . dm_op.txt(1) 3 Mb
--- param_definition.gms(158) 3 Mb
--- . budget.txt(1) 3 Mb
--- param_definition.gms(163) 3 Mb
--- . budget.txt(1) 3 Mb
--- param_definition.gms(171) 3 Mb
--- Starting execution: elapsed 0:00:00.111
--- param_definition.gms(2841) 4 Mb
*** Status: Normal completion
--- Job param_definition.gms Stop 01/19/26 17:15:05 elapsed 0:00:00.111
