
--- Job param_definition.gms Start 01/21/26 12:14:04 50.4.1 84b10359 WEX-WEI x86 64bit/MS Windows
--- Applying:
    C:\GAMS\50\gmsprmNT.txt
--- GAMS Parameters defined
    Input C:\Users\freal\Desktop\HubSpokeNetworkDesign\4node_spain\param_definition.gms
    PageSize 0
    ScrDir C:\Users\freal\Desktop\HubSpokeNetworkDesign\4node_spain\225c\
    SysDir C:\GAMS\50\
    LogOption 3
    AppendLog 1
    ErrMsg 1
    ErrorLog 99
    IDE 1
    LstTitleLeftAligned 1
Licensee: Luis Cadarso Morga                             G250911+0003Ac-GEN
          University Rey Juan Carlos                                DCE4613
          225c\gamslice.dat
          node:23539203 mem:64 cores:8 ipport:61733 v:2                    
          Course license for use within the course and related course work
          The expiration date of time-limited license is Feb 08, 2026
System information: 8 physical cores and 64 Gb physical memory detected
GAMS 50.4.1   Copyright (C) 1987-2025 GAMS Development. All rights reserved
--- Starting compilation
--- param_definition.gms(18) 3 Mb
--- . b.txt(160) 3 Mb
--- param_definition.gms(24) 3 Mb
--- . bord.txt(160) 3 Mb
--- param_definition.gms(29) 3 Mb
--- . lin_coef.txt(160) 3 Mb
--- param_definition.gms(36) 3 Mb
--- . demand.txt(16) 3 Mb
--- param_definition.gms(42) 3 Mb
--- . alt_utility.txt(16) 3 Mb
--- param_definition.gms(48) 3 Mb
--- . link_cost.txt(16) 3 Mb
--- param_definition.gms(53) 3 Mb
--- . link_capacity_slope.txt(16) 3 Mb
--- param_definition.gms(58) 3 Mb
--- . prices.txt(16) 3 Mb
--- param_definition.gms(63) 3 Mb
--- . op_link_cost.txt(16) 3 Mb
--- param_definition.gms(68) 3 Mb
--- . congestion_coefs_links.txt(16) 3 Mb
--- param_definition.gms(78) 3 Mb
--- . candidates.txt(16) 3 Mb
--- param_definition.gms(83) 3 Mb
--- . travel_time.txt(16) 3 Mb
--- param_definition.gms(89) 3 Mb
--- . station_cost.txt(4) 3 Mb
--- param_definition.gms(94) 3 Mb
--- . hub_cost.txt(4) 3 Mb
--- param_definition.gms(99) 3 Mb
--- . station_capacity_slope.txt(4) 3 Mb
--- param_definition.gms(104) 3 Mb
--- . congestion_coefs_stations.txt(4) 3 Mb
--- param_definition.gms(132) 3 Mb
--- . lam.txt(1) 3 Mb
--- param_definition.gms(136) 3 Mb
--- . alfa.txt(1) 3 Mb
--- param_definition.gms(140) 3 Mb
--- . beta.txt(1) 3 Mb
--- param_definition.gms(144) 3 Mb
--- . dm_pax.txt(1) 3 Mb
--- param_definition.gms(148) 3 Mb
--- . dm_op.txt(1) 3 Mb
--- param_definition.gms(152) 3 Mb
--- . budget.txt(1) 3 Mb
--- param_definition.gms(157) 3 Mb
--- . budget.txt(1) 3 Mb
--- param_definition.gms(165) 3 Mb
--- Starting execution: elapsed 0:00:00.016
--- param_definition.gms(811) 4 Mb
*** Status: Normal completion
--- Job param_definition.gms Stop 01/21/26 12:14:04 elapsed 0:00:00.016
