nohup: ignoring input
/home/lcadarso/.local/lib/python3.12/site-packages/pandas/core/arrays/masked.py:61: UserWarning: Pandas requires version '1.3.6' or newer of 'bottleneck' (version '1.3.5' currently installed).
  from pandas.core import (
Construyendo red iberia simple (25 nodos)...
  Nodos: 25  |  Mercados (allowed_nodes, sin filtrar por yield): 183
  Yield directo: 50  |  Vía MAD: 133  |  Media global: 0
  Aerolíneas competidoras consideradas: 12
  n=25, pares OD con demanda>0: 183
  export_txt/ actualizado.

=== budget=1e+04 ===
=== budget=2e+04 ===

=== budget=5e+04 ===


=== budget=8e+04 ===

=== budget=1e+05 ===

=== budget=2e+05 ===
=== budget=2e+05 ===


=== budget=2e+05 ===

=== budget=3e+05 ===

=== budget=5e+05 ===
  iter 1/40
  iter 1/40
  iter 1/40
  iter 1/40
  iter 1/40
  iter 1/40
  iter 1/40
  iter 1/40
  iter 1/40  iter 1/40

  iter 1/40
  iter 1/40
  iter 1/40
  iter 1/40
  iter 1/40
  iter 1/40
  iter 1/40  iter 1/40

  iter 1/40
  iter 1/40
  iter 1/40  iter 1/40

  iter 1/40  iter 1/40

  iter 1/40
  iter 1/40
  iter 1/40
  iter 1/40
  iter 1/40
  iter 1/40
  iter 2/40
  iter 2/40
  iter 2/40
  iter 2/40
  iter 2/40
  iter 2/40
  iter 2/40
  iter 2/40
  iter 2/40
  iter 2/40
  iter 2/40
  iter 2/40
  iter 2/40  iter 2/40

  iter 2/40
  iter 2/40
  iter 2/40
  iter 2/40
  iter 2/40
  iter 2/40
  iter 2/40
  iter 2/40
  iter 2/40
  iter 2/40
  iter 2/40
  iter 2/40
  iter 2/40
  iter 2/40
  iter 2/40
  iter 2/40
  iter 3/40
  iter 3/40
  iter 3/40
  iter 3/40
  iter 3/40
  iter 3/40
  iter 3/40
  iter 3/40  iter 3/40  iter 3/40
  iter 3/40


  iter 3/40
  iter 3/40
  iter 3/40
  iter 3/40
  iter 3/40
  iter 3/40  iter 3/40

  iter 3/40
  iter 3/40
  iter 3/40
  iter 3/40
  iter 3/40
  iter 3/40
  iter 3/40
  iter 3/40
  iter 3/40
  iter 3/40
  iter 3/40
  iter 3/40
  iter 4/40
  iter 4/40
  iter 4/40
  iter 4/40
  iter 4/40
  iter 4/40
  iter 4/40
  iter 4/40
  iter 4/40
  iter 4/40
  iter 4/40
  iter 4/40
  iter 4/40
  iter 4/40
  iter 4/40
  iter 4/40
  iter 4/40
  iter 4/40
  iter 4/40
  iter 4/40
  iter 4/40
  iter 4/40
  iter 4/40
  iter 4/40
  iter 4/40
  iter 4/40
  iter 4/40
  iter 4/40
  iter 4/40
  iter 4/40
  iter 5/40
  iter 5/40
  iter 5/40
  iter 5/40
  iter 5/40
  iter 5/40
  iter 5/40
  iter 5/40
  iter 5/40
  iter 5/40  iter 5/40

  iter 6/40
  iter 5/40
  iter 5/40
  iter 5/40
  iter 5/40
  iter 5/40
  iter 5/40
  iter 5/40
  iter 5/40
  iter 5/40
  iter 5/40
  iter 5/40
  iter 5/40
  iter 5/40
  iter 5/40
  iter 5/40
  iter 5/40
  iter 5/40
  iter 5/40
  iter 5/40
  iter 7/40
  iter 6/40
  iter 6/40
  iter 6/40
  iter 6/40
  iter 6/40
  iter 6/40
  iter 6/40
  iter 6/40
  iter 6/40
  iter 6/40
  iter 6/40
  iter 6/40
  iter 6/40
  iter 8/40
  iter 6/40
  iter 7/40
  iter 6/40
  iter 6/40
  iter 6/40
  iter 6/40
  iter 6/40
  iter 6/40
  iter 6/40
  iter 6/40
  iter 7/40
  iter 6/40
  iter 6/40
  iter 6/40
  iter 6/40
  iter 6/40
  iter 6/40
  iter 6/40
  iter 7/40
  iter 9/40
  iter 7/40
  iter 8/40
  iter 8/40
  iter 7/40
  iter 7/40
  iter 7/40
  iter 7/40
  iter 7/40
  iter 7/40
  iter 7/40
  iter 7/40
  iter 7/40
  iter 7/40
  iter 7/40
  iter 10/40
  iter 9/40
  iter 7/40
  iter 7/40
  iter 7/40
  iter 7/40
  iter 7/40
  iter 7/40
  iter 7/40
  iter 7/40
  iter 9/40
  iter 7/40
  iter 7/40
  iter 7/40
  iter 7/40
  iter 7/40
  iter 7/40
  iter 8/40
  iter 8/40
  iter 11/40
  iter 10/40
  iter 8/40
  iter 8/40
  iter 10/40
  iter 8/40
  iter 8/40
  iter 8/40
  iter 8/40
  iter 8/40
  iter 8/40
  iter 8/40
  iter 8/40
  iter 8/40
  iter 9/40
  iter 8/40
  iter 8/40
  iter 12/40
  iter 11/40
  iter 8/40
  iter 8/40
  iter 9/40
  iter 8/40
  iter 8/40
  iter 8/40
  iter 8/40
  iter 8/40
  iter 9/40
  iter 11/40
  iter 8/40
  iter 8/40
  iter 8/40
  iter 8/40
  iter 8/40
  iter 10/40
  iter 12/40
  iter 9/40
  iter 13/40  iter 9/40

  iter 10/40
  iter 9/40
  iter 12/40
  iter 10/40
  iter 9/40
  iter 9/40
  iter 9/40
  iter 9/40
  iter 9/40
  iter 9/40
  iter 9/40
  iter 9/40
  iter 9/40
  iter 11/40
  iter 13/40  iter 9/40

  iter 9/40
  iter 9/40
  iter 14/40
  iter 9/40
  iter 10/40
  iter 13/40
  iter 9/40
  iter 9/40  iter 9/40

  iter 11/40
  iter 9/40
  iter 9/40
  iter 9/40
  iter 9/40
  iter 9/40
  iter 11/40
  iter 10/40
  iter 15/40
  iter 14/40
  iter 10/40
  iter 12/40
  iter 11/40
  iter 12/40
  iter 14/40
  iter 12/40
  iter 10/40
  iter 10/40
  iter 10/40
  iter 10/40
  iter 10/40
  iter 10/40  iter 10/40

  iter 10/40
  iter 10/40
  iter 10/40
  iter 10/40
  iter 13/40
  iter 16/40
  iter 10/40
  iter 15/40
  iter 10/40
  iter 10/40
  iter 15/40
  iter 12/40
  iter 10/40
  iter 10/40
  iter 13/40
  iter 10/40
  iter 10/40
  iter 10/40
  iter 10/40
  iter 10/40
  iter 13/40
  iter 11/40
  iter 14/40
  iter 11/40
  iter 16/40
  iter 17/40
  iter 14/40
  iter 16/40
  iter 13/40
  iter 14/40
  iter 11/40
  iter 11/40
  iter 11/40
  iter 11/40
  iter 11/40
  iter 11/40
  iter 11/40
  iter 11/40
  iter 11/40
  iter 11/40
  iter 11/40
  iter 17/40
  iter 11/40
  iter 18/40
  iter 15/40
  iter 14/40
  iter 11/40
  iter 15/40
  iter 11/40
  iter 11/40
  iter 11/40
  iter 17/40
  iter 11/40
  iter 11/40
  iter 11/40
  iter 11/40
  iter 11/40
  iter 15/40
  iter 12/40
  iter 12/40
  iter 15/40
  iter 19/40
  iter 18/40
  iter 16/40
  iter 16/40
  iter 18/40
  iter 16/40
  iter 12/40
  iter 12/40
  iter 12/40  iter 12/40

  iter 12/40
  iter 12/40
  iter 12/40
  iter 12/40
  iter 12/40
  iter 12/40
  iter 12/40
  iter 12/40
  iter 16/40
  iter 20/40
  iter 19/40
  iter 12/40
  iter 17/40
  iter 12/40
  iter 17/40
  iter 19/40
  iter 12/40
  iter 12/40
  iter 12/40
  iter 12/40
  iter 12/40
  iter 12/40
  iter 12/40
  iter 17/40
  iter 13/40
  iter 20/40
  iter 13/40
  iter 17/40
  iter 21/40
  iter 18/40
  iter 18/40
  iter 20/40
  iter 18/40
  iter 13/40
  iter 13/40
  iter 13/40
  iter 13/40
  iter 13/40
  iter 13/40
  iter 13/40
  iter 13/40
  iter 13/40
  iter 13/40
  iter 18/40
  iter 22/40
  iter 13/40
  iter 13/40
  iter 21/40
  iter 19/40
  iter 13/40
  iter 13/40
  iter 13/40
  iter 13/40
  iter 13/40
  iter 13/40
  iter 21/40
  iter 19/40
  iter 13/40
  iter 13/40
  iter 13/40
  iter 19/40
  iter 14/40
  iter 23/40
  iter 22/40
  iter 19/40
  iter 14/40
  iter 20/40
  iter 22/40
  iter 20/40
  iter 20/40
  iter 14/40
  iter 14/40
  iter 14/40
  iter 14/40
  iter 14/40
  iter 14/40
  iter 14/40
  iter 14/40
  iter 14/40
  iter 14/40
  iter 14/40
  iter 24/40
  iter 20/40
  iter 14/40
  iter 23/40
  iter 14/40
  iter 14/40
  iter 14/40
  iter 14/40
  iter 14/40
  iter 14/40
  iter 21/40
  iter 23/40
  iter 14/40
  iter 21/40
  iter 14/40
  iter 14/40
  iter 21/40
  iter 15/40
  iter 21/40
  iter 25/40
  iter 15/40
  iter 24/40
  iter 22/40
  iter 24/40
  iter 22/40
  iter 22/40
  iter 15/40
  iter 15/40
  iter 15/40
  iter 15/40
  iter 15/40  iter 15/40

  iter 15/40
  iter 15/40
  iter 15/40
  iter 15/40
  iter 26/40
  iter 22/40
  iter 25/40
  iter 15/40
  iter 15/40
  iter 15/40
  iter 15/40
  iter 15/40
  iter 15/40
  iter 15/40
  iter 15/40
  iter 15/40
  iter 25/40
  iter 15/40
  iter 23/40
  iter 23/40
  iter 15/40
  iter 23/40
  iter 23/40
  iter 27/40
  iter 16/40
  iter 16/40
  iter 26/40
  iter 26/40
  iter 16/40
  iter 24/40
  iter 24/40
  iter 24/40
  iter 16/40
  iter 16/40
  iter 16/40
  iter 16/40
  iter 16/40
  iter 16/40
  iter 16/40
  iter 16/40
  iter 16/40
  iter 16/40
  iter 28/40
  iter 16/40
  iter 16/40
  iter 24/40
  iter 27/40
  iter 16/40
  iter 16/40
  iter 16/40
  iter 16/40
  iter 16/40
  iter 16/40
  iter 16/40
  iter 27/40
  iter 16/40
  iter 17/40
  iter 25/40
  iter 25/40
  iter 25/40
  iter 29/40
  iter 17/40  iter 25/40

  iter 28/40
  iter 17/40
  iter 28/40
  iter 26/40
  iter 18/40
  iter 26/40
  iter 26/40
  iter 17/40
  iter 17/40
  iter 17/40
  iter 17/40
  iter 17/40
  iter 17/40
  iter 17/40
  iter 17/40
  iter 30/40
  iter 17/40
  iter 17/40
  iter 17/40
  iter 26/40
  iter 17/40
  iter 29/40
  iter 17/40
  iter 17/40
  iter 17/40
  iter 17/40
  iter 17/40
  iter 17/40
  iter 29/40  iter 17/40

  iter 19/40
  iter 17/40
  iter 27/40
  iter 27/40  iter 27/40

  iter 31/40
  iter 27/40
  iter 18/40
  iter 30/40
  iter 18/40
  iter 30/40
  iter 20/40
  iter 28/40
  iter 28/40
  iter 28/40
  iter 18/40
  iter 18/40
  iter 18/40
  iter 18/40
  iter 18/40
  iter 18/40
  iter 18/40
  iter 32/40
  iter 18/40
  iter 18/40
  iter 18/40
  iter 28/40
  iter 18/40
  iter 31/40
  iter 18/40
  iter 18/40
  iter 18/40
  iter 18/40
  iter 18/40
  iter 18/40
  iter 18/40
  iter 18/40
  iter 31/40
  iter 29/40
  iter 18/40
  iter 21/40
  iter 29/40
  iter 29/40
  iter 33/40
  iter 19/40
  iter 32/40
  iter 29/40
  iter 19/40
  iter 32/40
  iter 30/40
  iter 22/40
  iter 30/40
  iter 30/40
  iter 19/40
  iter 19/40
  iter 19/40
  iter 19/40
  iter 19/40
  iter 19/40
  iter 19/40
  iter 19/40
  iter 34/40
  iter 19/40
  iter 19/40
  iter 33/40
  iter 30/40
  iter 19/40
  iter 19/40
  iter 19/40
  iter 19/40
  iter 19/40  iter 19/40

  iter 19/40
  iter 19/40
  iter 33/40
  iter 19/40
  iter 19/40
  iter 23/40
  iter 31/40
  iter 31/40
  iter 31/40
  iter 35/40
  iter 20/40
  iter 20/40
  iter 34/40
  iter 31/40
  iter 34/40
  iter 32/40
  iter 24/40
  iter 32/40
  iter 32/40
  iter 20/40
  iter 20/40
  iter 20/40
  iter 20/40
  iter 20/40
  iter 20/40
  iter 20/40
  iter 36/40
  iter 20/40
  iter 20/40
  iter 20/40
  iter 35/40
  iter 20/40
  iter 32/40
  iter 20/40
  iter 20/40
  iter 20/40
  iter 20/40
  iter 20/40
  iter 20/40
  iter 20/40
  iter 35/40
  iter 20/40
  iter 20/40
  iter 33/40
  iter 25/40
  iter 33/40
  iter 33/40
  iter 37/40
  iter 33/40
  iter 21/40
  iter 36/40
  iter 21/40
  iter 36/40
  iter 26/40
  iter 34/40
  iter 34/40
  iter 34/40
  iter 21/40
  iter 21/40
  iter 21/40
  iter 21/40
  iter 21/40
  iter 21/40
  iter 38/40
  iter 21/40
  iter 21/40
  iter 21/40
  iter 21/40
  iter 34/40
  iter 21/40
  iter 37/40
  iter 21/40
  iter 21/40
  iter 21/40
  iter 21/40
  iter 21/40
  iter 21/40
  iter 21/40
  iter 37/40
  iter 21/40
  iter 35/40
  iter 27/40
  iter 21/40
  iter 35/40
  iter 35/40
  iter 39/40
  iter 38/40
  iter 35/40
  iter 22/40
  iter 22/40
  iter 38/40
  iter 36/40
  iter 28/40
  iter 36/40
  iter 22/40
  iter 36/40
  iter 22/40
  iter 22/40
  iter 22/40
  iter 22/40
  iter 22/40
  iter 22/40
  iter 22/40  iter 22/40

  iter 40/40
  iter 22/40
  iter 23/40
  iter 22/40
  iter 36/40
  iter 22/40
  iter 39/40
  iter 22/40
  iter 22/40
  iter 22/40
  iter 22/40
  iter 22/40
  iter 22/40
  iter 22/40
  iter 39/40
  iter 22/40
  iter 29/40
  iter 37/40
  iter 37/40
  iter 37/40
  multistart=all_high_except_mad  obj_val=0  used_budget=0  comp_time=2325.89
  iter 37/40
  iter 40/40
  iter 23/40
  iter 40/40
  iter 38/40
  iter 30/40
  iter 23/40
  iter 38/40
  iter 38/40
  iter 23/40
  iter 23/40
  iter 23/40
  iter 23/40
  iter 23/40
  iter 23/40
  iter 23/40
  iter 23/40
  iter 23/40
  iter 38/40  iter 23/40

  iter 24/40
  iter 23/40
  multistart=all_high  obj_val=0  used_budget=0  comp_time=2356.16
  iter 23/40
  iter 23/40
  iter 23/40
  iter 23/40
  iter 23/40
  iter 23/40
  iter 23/40
  multistart=all_high_except_bcn  obj_val=0  used_budget=0  comp_time=2379.25
  best_start=all_high_except_mad  obj_val=0  used_budget=0  comp_time_total=7061.31
  Guardado: bud=1.00e+04_lam=10_alfa=0.1_mu_al=1.00e-08_mu_bet=1.00e-03_python_longrun.mat
  iter 23/40
  iter 31/40
  iter 39/40
  iter 39/40
  iter 39/40
  iter 24/40
  iter 39/40
  iter 25/40
  iter 32/40
  iter 40/40
  iter 24/40
  iter 24/40
  iter 24/40
  iter 24/40
  iter 40/40
  iter 40/40
  iter 24/40
  iter 24/40
  iter 24/40
  iter 24/40
  iter 24/40
  iter 24/40
  iter 24/40
  iter 24/40
  iter 26/40
  iter 40/40
  iter 24/40
  iter 24/40
  iter 24/40
  iter 24/40
  iter 24/40
  iter 24/40
  iter 24/40
  iter 24/40
  multistart=all_high_except_bcn  obj_val=0  used_budget=0  comp_time=2472.86
  iter 33/40
  multistart=all_high_except_mad  obj_val=0  used_budget=0  comp_time=2461.79
  multistart=all_high  obj_val=0  used_budget=0  comp_time=2443.59
  best_start=all_high_except_bcn  obj_val=0  used_budget=0  comp_time_total=7378.25
  Guardado: bud=2.50e+04_lam=10_alfa=0.1_mu_al=1.00e-08_mu_bet=1.00e-03_python_longrun.mat
  iter 27/40
  iter 25/40
  multistart=all_high_except_mad  obj_val=-22325.9  used_budget=135665  comp_time=2530.32
  iter 34/40
  iter 25/40
  iter 25/40
  iter 25/40
  iter 25/40
  iter 25/40
  iter 25/40
  iter 25/40
  iter 25/40
  iter 25/40
  iter 25/40
  iter 25/40
  iter 25/40
  iter 28/40
  iter 25/40
  iter 25/40
  iter 25/40
  iter 25/40
  iter 25/40
  iter 25/40
  iter 25/40
  iter 35/40
  iter 25/40
  iter 29/40
  iter 26/40
  iter 36/40
  iter 26/40
  iter 26/40
  iter 26/40
  iter 26/40
  iter 26/40
  iter 26/40
  iter 26/40
  iter 26/40
  iter 26/40
  iter 26/40
  iter 26/40
  iter 26/40
  iter 26/40
  iter 30/40
  iter 26/40
  iter 26/40
  iter 26/40
  iter 26/40
  iter 26/40
  iter 37/40
  iter 26/40
  iter 26/40
  iter 31/40
  iter 27/40
  iter 38/40
  iter 27/40
  iter 27/40
  iter 27/40
  iter 27/40
  iter 27/40
  iter 27/40
  iter 27/40
  iter 27/40
  iter 27/40
  iter 27/40
  iter 27/40
  iter 27/40
  iter 27/40
  iter 32/40
  iter 27/40
  iter 27/40
  iter 27/40
  iter 27/40
  iter 27/40
  iter 39/40
  iter 27/40
  iter 27/40
  iter 33/40
  iter 28/40
  iter 40/40
  iter 28/40
  iter 28/40
  iter 28/40
  iter 28/40
  iter 28/40
  iter 28/40
  iter 28/40
  iter 28/40
  iter 28/40
  iter 28/40
  iter 28/40
  iter 34/40
  iter 28/40
  iter 28/40
  iter 28/40
  iter 28/40
  iter 28/40
  iter 28/40
  multistart=all_high_except_mad  obj_val=0  used_budget=0  comp_time=2899.89
  iter 28/40
  iter 28/40
  iter 28/40
  iter 35/40
  iter 29/40
  iter 29/40
  iter 29/40
  iter 29/40
  iter 29/40
  iter 29/40
  iter 29/40
  iter 29/40
  iter 29/40
  iter 29/40
  iter 29/40
  iter 29/40
  iter 36/40
  iter 29/40
  iter 29/40
  iter 29/40
  iter 29/40
  iter 29/40
  iter 29/40
  iter 29/40
  iter 29/40
  iter 29/40
  iter 37/40
  iter 30/40
  iter 30/40
  iter 30/40
  iter 30/40
  iter 30/40
  iter 30/40
  iter 30/40
  iter 30/40
  iter 30/40
  iter 30/40
  iter 30/40
  iter 38/40
  iter 30/40
  iter 30/40
  iter 30/40
  iter 30/40
  iter 30/40
  iter 30/40
  iter 30/40
  iter 30/40
  iter 30/40
  iter 30/40
  iter 39/40
  iter 31/40
  iter 31/40
  iter 31/40
  iter 31/40
  iter 31/40
  iter 31/40
  iter 31/40
  iter 31/40
  iter 31/40
  iter 31/40
  iter 31/40
  iter 40/40
  iter 31/40
  iter 31/40
  iter 31/40
  iter 31/40
  iter 31/40
  iter 31/40
  iter 31/40
  iter 31/40
  iter 31/40
  iter 31/40
  iter 32/40
  iter 32/40
  iter 32/40
  iter 32/40
  iter 32/40
  iter 32/40
  iter 32/40
  iter 32/40
  iter 32/40
  iter 32/40
  iter 32/40
  multistart=all_high_except_mad  obj_val=-10171.3  used_budget=100930  comp_time=3331.56
  iter 32/40
  iter 32/40
  iter 32/40
  iter 32/40
  iter 32/40
  iter 32/40
  iter 32/40
  iter 32/40
  iter 32/40
  iter 32/40
  iter 33/40
  iter 33/40
  iter 33/40
  iter 33/40
  iter 33/40
  iter 33/40
  iter 33/40
  iter 33/40
  iter 33/40
  iter 33/40
  iter 33/40
  iter 33/40
  iter 33/40
  iter 33/40
  iter 33/40
  iter 33/40
  iter 33/40
  iter 33/40
  iter 33/40
  iter 33/40
  iter 33/40
  iter 34/40
  iter 34/40
  iter 34/40
  iter 34/40
  iter 34/40
  iter 34/40
  iter 34/40
  iter 34/40
  iter 34/40
  iter 34/40
  iter 34/40
  iter 34/40
  iter 34/40
  iter 34/40
  iter 34/40
  iter 34/40
  iter 34/40
  iter 34/40
  iter 34/40
  iter 34/40
  iter 34/40
  iter 35/40
  iter 35/40
  iter 35/40
  iter 35/40
  iter 35/40
  iter 35/40
  iter 35/40
  iter 35/40
  iter 35/40
  iter 35/40
  iter 35/40
  iter 35/40
  iter 35/40
  iter 35/40
  iter 35/40
  iter 35/40
  iter 35/40
  iter 35/40
  iter 35/40
  iter 35/40
  iter 35/40
  iter 36/40
  iter 36/40
  iter 36/40
  iter 36/40
  iter 36/40
  iter 36/40
  iter 36/40
  iter 36/40
  iter 36/40
  iter 36/40
  iter 36/40
  iter 36/40
  iter 36/40
  iter 36/40
  iter 36/40
  iter 36/40
  iter 36/40
  iter 36/40
  iter 36/40
  iter 36/40
  iter 36/40
  iter 37/40
  iter 37/40
  iter 37/40
  iter 37/40
  iter 37/40
  iter 37/40
  iter 37/40
  iter 37/40
  iter 37/40
  iter 37/40
  iter 37/40
  iter 37/40
  iter 37/40
  iter 37/40
  iter 37/40
  iter 37/40
  iter 37/40
  iter 37/40
  iter 37/40
  iter 37/40
  iter 37/40
  iter 38/40
  iter 38/40
  iter 38/40
  iter 38/40
  iter 38/40
  iter 38/40
  iter 38/40
  iter 38/40
  iter 38/40
  iter 38/40
  iter 38/40
  iter 38/40
  iter 38/40
  iter 38/40
  iter 38/40
  iter 38/40
  iter 38/40
  iter 38/40
  iter 38/40
  iter 38/40
  iter 38/40
  iter 39/40
